{"/root/psyfit/frontend_user/node_modules/react/index.js": {"path":"/root/psyfit/frontend_user/node_modules/react/index.js","all":true,"statementMap":{"0":{"start":{"line":1,"column":0},"end":{"line":1,"column":13}},"1":{"start":{"line":2,"column":0},"end":{"line":2,"column":0}},"2":{"start":{"line":3,"column":0},"end":{"line":3,"column":44}},"3":{"start":{"line":4,"column":0},"end":{"line":4,"column":60}},"4":{"start":{"line":5,"column":0},"end":{"line":5,"column":8}},"5":{"start":{"line":6,"column":0},"end":{"line":6,"column":57}},"6":{"start":{"line":7,"column":0},"end":{"line":7,"column":1}}},"s":{"0":1,"1":1,"2":1,"3":1,"4":1,"5":1,"6":1},"branchMap":{},"b":{},"fnMap":{},"f":{}}
,"/root/psyfit/frontend_user/node_modules/react/jsx-runtime.js": {"path":"/root/psyfit/frontend_user/node_modules/react/jsx-runtime.js","all":true,"statementMap":{"0":{"start":{"line":1,"column":0},"end":{"line":1,"column":13}},"1":{"start":{"line":2,"column":0},"end":{"line":2,"column":0}},"2":{"start":{"line":3,"column":0},"end":{"line":3,"column":44}},"3":{"start":{"line":4,"column":0},"end":{"line":4,"column":72}},"4":{"start":{"line":5,"column":0},"end":{"line":5,"column":8}},"5":{"start":{"line":6,"column":0},"end":{"line":6,"column":69}},"6":{"start":{"line":7,"column":0},"end":{"line":7,"column":1}}},"s":{"0":1,"1":1,"2":1,"3":1,"4":1,"5":1,"6":1},"branchMap":{},"b":{},"fnMap":{},"f":{}}
,"/root/psyfit/frontend_user/node_modules/react-dom/client.js": {"path":"/root/psyfit/frontend_user/node_modules/react-dom/client.js","all":true,"statementMap":{"0":{"start":{"line":1,"column":0},"end":{"line":1,"column":13}},"1":{"start":{"line":2,"column":0},"end":{"line":2,"column":0}},"2":{"start":{"line":3,"column":0},"end":{"line":3,"column":29}},"3":{"start":{"line":4,"column":0},"end":{"line":4,"column":44}},"4":{"start":{"line":5,"column":0},"end":{"line":5,"column":36}},"5":{"start":{"line":6,"column":0},"end":{"line":6,"column":38}},"6":{"start":{"line":7,"column":0},"end":{"line":7,"column":8}},"7":{"start":{"line":8,"column":0},"end":{"line":8,"column":63}},"8":{"start":{"line":9,"column":0},"end":{"line":9,"column":39}},"9":{"start":{"line":10,"column":0},"end":{"line":10,"column":35}},"10":{"start":{"line":11,"column":0},"end":{"line":11,"column":9}},"11":{"start":{"line":12,"column":0},"end":{"line":12,"column":32}},"12":{"start":{"line":13,"column":0},"end":{"line":13,"column":15}},"13":{"start":{"line":14,"column":0},"end":{"line":14,"column":38}},"14":{"start":{"line":15,"column":0},"end":{"line":15,"column":5}},"15":{"start":{"line":16,"column":0},"end":{"line":16,"column":4}},"16":{"start":{"line":17,"column":0},"end":{"line":17,"column":43}},"17":{"start":{"line":18,"column":0},"end":{"line":18,"column":35}},"18":{"start":{"line":19,"column":0},"end":{"line":19,"column":9}},"19":{"start":{"line":20,"column":0},"end":{"line":20,"column":36}},"20":{"start":{"line":21,"column":0},"end":{"line":21,"column":15}},"21":{"start":{"line":22,"column":0},"end":{"line":22,"column":38}},"22":{"start":{"line":23,"column":0},"end":{"line":23,"column":5}},"23":{"start":{"line":24,"column":0},"end":{"line":24,"column":4}},"24":{"start":{"line":25,"column":0},"end":{"line":25,"column":1}}},"s":{"0":1,"1":1,"2":1,"3":1,"4":1,"5":1,"6":1,"7":1,"8":1,"9":1,"10":1,"11":1,"12":1,"13":1,"14":1,"15":1,"16":1,"17":1,"18":1,"19":1,"20":1,"21":1,"22":1,"23":1,"24":1},"branchMap":{},"b":{},"fnMap":{},"f":{}}
,"/root/psyfit/frontend_user/node_modules/react-dom/index.js": {"path":"/root/psyfit/frontend_user/node_modules/react-dom/index.js","all":true,"statementMap":{"0":{"start":{"line":1,"column":0},"end":{"line":1,"column":13}},"1":{"start":{"line":2,"column":0},"end":{"line":2,"column":0}},"2":{"start":{"line":3,"column":0},"end":{"line":3,"column":21}},"3":{"start":{"line":4,"column":0},"end":{"line":4,"column":45}},"4":{"start":{"line":5,"column":0},"end":{"line":5,"column":6}},"5":{"start":{"line":6,"column":0},"end":{"line":6,"column":60}},"6":{"start":{"line":7,"column":0},"end":{"line":7,"column":65}},"7":{"start":{"line":8,"column":0},"end":{"line":8,"column":5}},"8":{"start":{"line":9,"column":0},"end":{"line":9,"column":11}},"9":{"start":{"line":10,"column":0},"end":{"line":10,"column":3}},"10":{"start":{"line":11,"column":0},"end":{"line":11,"column":46}},"11":{"start":{"line":12,"column":0},"end":{"line":12,"column":70}},"12":{"start":{"line":13,"column":0},"end":{"line":13,"column":68}},"13":{"start":{"line":14,"column":0},"end":{"line":14,"column":74}},"14":{"start":{"line":15,"column":0},"end":{"line":15,"column":24}},"15":{"start":{"line":16,"column":0},"end":{"line":16,"column":76}},"16":{"start":{"line":17,"column":0},"end":{"line":17,"column":78}},"17":{"start":{"line":18,"column":0},"end":{"line":18,"column":24}},"18":{"start":{"line":19,"column":0},"end":{"line":19,"column":27}},"19":{"start":{"line":20,"column":0},"end":{"line":20,"column":3}},"20":{"start":{"line":21,"column":0},"end":{"line":21,"column":7}},"21":{"start":{"line":22,"column":0},"end":{"line":22,"column":72}},"22":{"start":{"line":23,"column":0},"end":{"line":23,"column":54}},"23":{"start":{"line":24,"column":0},"end":{"line":24,"column":17}},"24":{"start":{"line":25,"column":0},"end":{"line":25,"column":54}},"25":{"start":{"line":26,"column":0},"end":{"line":26,"column":57}},"26":{"start":{"line":27,"column":0},"end":{"line":27,"column":23}},"27":{"start":{"line":28,"column":0},"end":{"line":28,"column":3}},"28":{"start":{"line":29,"column":0},"end":{"line":29,"column":1}},"29":{"start":{"line":30,"column":0},"end":{"line":30,"column":0}},"30":{"start":{"line":31,"column":0},"end":{"line":31,"column":44}},"31":{"start":{"line":32,"column":0},"end":{"line":32,"column":68}},"32":{"start":{"line":33,"column":0},"end":{"line":33,"column":59}},"33":{"start":{"line":34,"column":0},"end":{"line":34,"column":13}},"34":{"start":{"line":35,"column":0},"end":{"line":35,"column":64}},"35":{"start":{"line":36,"column":0},"end":{"line":36,"column":8}},"36":{"start":{"line":37,"column":0},"end":{"line":37,"column":61}},"37":{"start":{"line":38,"column":0},"end":{"line":38,"column":1}}},"s":{"0":1,"1":1,"2":1,"3":1,"4":1,"5":1,"6":1,"7":1,"8":1,"9":1,"10":1,"11":1,"12":1,"13":1,"14":1,"15":1,"16":1,"17":1,"18":1,"19":1,"20":1,"21":1,"22":1,"23":1,"24":1,"25":1,"26":1,"27":1,"28":1,"29":1,"30":1,"31":1,"32":1,"33":1,"34":1,"35":1,"36":1,"37":1},"branchMap":{},"b":{},"fnMap":{},"f":{}}
,"/root/psyfit/frontend_user/node_modules/react-dom/cjs/react-dom.production.min.js": {"path":"/root/psyfit/frontend_user/node_modules/react-dom/cjs/react-dom.production.min.js","all":true,"statementMap":{"0":{"start":{"line":1,"column":0},"end":{"line":1,"column":3}},"1":{"start":{"line":2,"column":0},"end":{"line":2,"column":17}},"2":{"start":{"line":3,"column":0},"end":{"line":3,"column":30}},"3":{"start":{"line":4,"column":0},"end":{"line":4,"column":2}},"4":{"start":{"line":5,"column":0},"end":{"line":5,"column":51}},"5":{"start":{"line":6,"column":0},"end":{"line":6,"column":2}},"6":{"start":{"line":7,"column":0},"end":{"line":7,"column":66}},"7":{"start":{"line":8,"column":0},"end":{"line":8,"column":58}},"8":{"start":{"line":9,"column":0},"end":{"line":9,"column":3}},"9":{"start":{"line":10,"column":0},"end":{"line":10,"column":2}},"10":{"start":{"line":11,"column":0},"end":{"line":11,"column":40}},"11":{"start":{"line":12,"column":0},"end":{"line":12,"column":2}},"12":{"start":{"line":13,"column":0},"end":{"line":13,"column":441}},"13":{"start":{"line":14,"column":0},"end":{"line":14,"column":61}},"14":{"start":{"line":15,"column":0},"end":{"line":15,"column":519}},"15":{"start":{"line":16,"column":0},"end":{"line":16,"column":378}},"16":{"start":{"line":17,"column":0},"end":{"line":17,"column":438}},"17":{"start":{"line":18,"column":0},"end":{"line":18,"column":493}},"18":{"start":{"line":19,"column":0},"end":{"line":19,"column":443}},"19":{"start":{"line":20,"column":0},"end":{"line":20,"column":409}},"20":{"start":{"line":21,"column":0},"end":{"line":21,"column":1132}},"21":{"start":{"line":22,"column":0},"end":{"line":22,"column":469}},"22":{"start":{"line":23,"column":0},"end":{"line":23,"column":191}},"23":{"start":{"line":24,"column":0},"end":{"line":24,"column":466}},"24":{"start":{"line":25,"column":0},"end":{"line":25,"column":507}},"25":{"start":{"line":26,"column":0},"end":{"line":26,"column":444}},"26":{"start":{"line":27,"column":0},"end":{"line":27,"column":505}},"27":{"start":{"line":28,"column":0},"end":{"line":28,"column":415}},"28":{"start":{"line":29,"column":0},"end":{"line":29,"column":281}},"29":{"start":{"line":30,"column":0},"end":{"line":30,"column":511}},"30":{"start":{"line":31,"column":0},"end":{"line":31,"column":204}},"31":{"start":{"line":32,"column":0},"end":{"line":32,"column":514}},"32":{"start":{"line":33,"column":0},"end":{"line":33,"column":422}},"33":{"start":{"line":34,"column":0},"end":{"line":34,"column":107}},"34":{"start":{"line":35,"column":0},"end":{"line":35,"column":518}},"35":{"start":{"line":36,"column":0},"end":{"line":36,"column":421}},"36":{"start":{"line":37,"column":0},"end":{"line":37,"column":479}},"37":{"start":{"line":38,"column":0},"end":{"line":38,"column":419}},"38":{"start":{"line":39,"column":0},"end":{"line":39,"column":346}},"39":{"start":{"line":40,"column":0},"end":{"line":40,"column":181}},"40":{"start":{"line":41,"column":0},"end":{"line":41,"column":393}},"41":{"start":{"line":42,"column":0},"end":{"line":42,"column":388}},"42":{"start":{"line":43,"column":0},"end":{"line":43,"column":462}},"43":{"start":{"line":44,"column":0},"end":{"line":44,"column":161}},"44":{"start":{"line":45,"column":0},"end":{"line":45,"column":470}},"45":{"start":{"line":46,"column":0},"end":{"line":46,"column":119}},"46":{"start":{"line":47,"column":0},"end":{"line":47,"column":501}},"47":{"start":{"line":48,"column":0},"end":{"line":48,"column":442}},"48":{"start":{"line":49,"column":0},"end":{"line":49,"column":311}},"49":{"start":{"line":50,"column":0},"end":{"line":50,"column":355}},"50":{"start":{"line":51,"column":0},"end":{"line":51,"column":457}},"51":{"start":{"line":52,"column":0},"end":{"line":52,"column":433}},"52":{"start":{"line":53,"column":0},"end":{"line":53,"column":502}},"53":{"start":{"line":54,"column":0},"end":{"line":54,"column":490}},"54":{"start":{"line":55,"column":0},"end":{"line":55,"column":498}},"55":{"start":{"line":56,"column":0},"end":{"line":56,"column":512}},"56":{"start":{"line":57,"column":0},"end":{"line":57,"column":379}},"57":{"start":{"line":58,"column":0},"end":{"line":58,"column":488}},"58":{"start":{"line":59,"column":0},"end":{"line":59,"column":133}},"59":{"start":{"line":60,"column":0},"end":{"line":60,"column":532}},"60":{"start":{"line":61,"column":0},"end":{"line":61,"column":456}},"61":{"start":{"line":62,"column":0},"end":{"line":62,"column":432}},"62":{"start":{"line":63,"column":0},"end":{"line":63,"column":428}},"63":{"start":{"line":64,"column":0},"end":{"line":64,"column":394}},"64":{"start":{"line":65,"column":0},"end":{"line":65,"column":549}},"65":{"start":{"line":66,"column":0},"end":{"line":66,"column":308}},"66":{"start":{"line":67,"column":0},"end":{"line":67,"column":277}},"67":{"start":{"line":68,"column":0},"end":{"line":68,"column":356}},"68":{"start":{"line":69,"column":0},"end":{"line":69,"column":307}},"69":{"start":{"line":70,"column":0},"end":{"line":70,"column":500}},"70":{"start":{"line":71,"column":0},"end":{"line":71,"column":125}},"71":{"start":{"line":72,"column":0},"end":{"line":72,"column":431}},"72":{"start":{"line":73,"column":0},"end":{"line":73,"column":226}},"73":{"start":{"line":74,"column":0},"end":{"line":74,"column":329}},"74":{"start":{"line":75,"column":0},"end":{"line":75,"column":302}},"75":{"start":{"line":76,"column":0},"end":{"line":76,"column":1190}},"76":{"start":{"line":77,"column":0},"end":{"line":77,"column":393}},"77":{"start":{"line":78,"column":0},"end":{"line":78,"column":173}},"78":{"start":{"line":79,"column":0},"end":{"line":79,"column":507}},"79":{"start":{"line":80,"column":0},"end":{"line":80,"column":274}},"80":{"start":{"line":81,"column":0},"end":{"line":81,"column":504}},"81":{"start":{"line":82,"column":0},"end":{"line":82,"column":513}},"82":{"start":{"line":83,"column":0},"end":{"line":83,"column":507}},"83":{"start":{"line":84,"column":0},"end":{"line":84,"column":289}},"84":{"start":{"line":85,"column":0},"end":{"line":85,"column":506}},"85":{"start":{"line":86,"column":0},"end":{"line":86,"column":501}},"86":{"start":{"line":87,"column":0},"end":{"line":87,"column":365}},"87":{"start":{"line":88,"column":0},"end":{"line":88,"column":467}},"88":{"start":{"line":89,"column":0},"end":{"line":89,"column":392}},"89":{"start":{"line":90,"column":0},"end":{"line":90,"column":485}},"90":{"start":{"line":91,"column":0},"end":{"line":91,"column":448}},"91":{"start":{"line":92,"column":0},"end":{"line":92,"column":409}},"92":{"start":{"line":93,"column":0},"end":{"line":93,"column":327}},"93":{"start":{"line":94,"column":0},"end":{"line":94,"column":415}},"94":{"start":{"line":95,"column":0},"end":{"line":95,"column":425}},"95":{"start":{"line":96,"column":0},"end":{"line":96,"column":505}},"96":{"start":{"line":97,"column":0},"end":{"line":97,"column":506}},"97":{"start":{"line":98,"column":0},"end":{"line":98,"column":94}},"98":{"start":{"line":99,"column":0},"end":{"line":99,"column":503}},"99":{"start":{"line":100,"column":0},"end":{"line":100,"column":330}},"100":{"start":{"line":101,"column":0},"end":{"line":101,"column":1124}},"101":{"start":{"line":102,"column":0},"end":{"line":102,"column":477}},"102":{"start":{"line":103,"column":0},"end":{"line":103,"column":517}},"103":{"start":{"line":104,"column":0},"end":{"line":104,"column":414}},"104":{"start":{"line":105,"column":0},"end":{"line":105,"column":105}},"105":{"start":{"line":106,"column":0},"end":{"line":106,"column":429}},"106":{"start":{"line":107,"column":0},"end":{"line":107,"column":434}},"107":{"start":{"line":108,"column":0},"end":{"line":108,"column":339}},"108":{"start":{"line":109,"column":0},"end":{"line":109,"column":503}},"109":{"start":{"line":110,"column":0},"end":{"line":110,"column":556}},"110":{"start":{"line":111,"column":0},"end":{"line":111,"column":502}},"111":{"start":{"line":112,"column":0},"end":{"line":112,"column":502}},"112":{"start":{"line":113,"column":0},"end":{"line":113,"column":502}},"113":{"start":{"line":114,"column":0},"end":{"line":114,"column":514}},"114":{"start":{"line":115,"column":0},"end":{"line":115,"column":503}},"115":{"start":{"line":116,"column":0},"end":{"line":116,"column":508}},"116":{"start":{"line":117,"column":0},"end":{"line":117,"column":468}},"117":{"start":{"line":118,"column":0},"end":{"line":118,"column":495}},"118":{"start":{"line":119,"column":0},"end":{"line":119,"column":253}},"119":{"start":{"line":120,"column":0},"end":{"line":120,"column":341}},"120":{"start":{"line":121,"column":0},"end":{"line":121,"column":386}},"121":{"start":{"line":122,"column":0},"end":{"line":122,"column":373}},"122":{"start":{"line":123,"column":0},"end":{"line":123,"column":488}},"123":{"start":{"line":124,"column":0},"end":{"line":124,"column":479}},"124":{"start":{"line":125,"column":0},"end":{"line":125,"column":377}},"125":{"start":{"line":126,"column":0},"end":{"line":126,"column":380}},"126":{"start":{"line":127,"column":0},"end":{"line":127,"column":338}},"127":{"start":{"line":128,"column":0},"end":{"line":128,"column":486}},"128":{"start":{"line":129,"column":0},"end":{"line":129,"column":153}},"129":{"start":{"line":130,"column":0},"end":{"line":130,"column":501}},"130":{"start":{"line":131,"column":0},"end":{"line":131,"column":417}},"131":{"start":{"line":132,"column":0},"end":{"line":132,"column":516}},"132":{"start":{"line":133,"column":0},"end":{"line":133,"column":216}},"133":{"start":{"line":134,"column":0},"end":{"line":134,"column":464}},"134":{"start":{"line":135,"column":0},"end":{"line":135,"column":198}},"135":{"start":{"line":136,"column":0},"end":{"line":136,"column":512}},"136":{"start":{"line":137,"column":0},"end":{"line":137,"column":502}},"137":{"start":{"line":138,"column":0},"end":{"line":138,"column":502}},"138":{"start":{"line":139,"column":0},"end":{"line":139,"column":502}},"139":{"start":{"line":140,"column":0},"end":{"line":140,"column":511}},"140":{"start":{"line":141,"column":0},"end":{"line":141,"column":510}},"141":{"start":{"line":142,"column":0},"end":{"line":142,"column":507}},"142":{"start":{"line":143,"column":0},"end":{"line":143,"column":543}},"143":{"start":{"line":144,"column":0},"end":{"line":144,"column":512}},"144":{"start":{"line":145,"column":0},"end":{"line":145,"column":503}},"145":{"start":{"line":146,"column":0},"end":{"line":146,"column":404}},"146":{"start":{"line":147,"column":0},"end":{"line":147,"column":392}},"147":{"start":{"line":148,"column":0},"end":{"line":148,"column":496}},"148":{"start":{"line":149,"column":0},"end":{"line":149,"column":279}},"149":{"start":{"line":150,"column":0},"end":{"line":150,"column":406}},"150":{"start":{"line":151,"column":0},"end":{"line":151,"column":504}},"151":{"start":{"line":152,"column":0},"end":{"line":152,"column":21}},"152":{"start":{"line":153,"column":0},"end":{"line":153,"column":512}},"153":{"start":{"line":154,"column":0},"end":{"line":154,"column":502}},"154":{"start":{"line":155,"column":0},"end":{"line":155,"column":351}},"155":{"start":{"line":156,"column":0},"end":{"line":156,"column":292}},"156":{"start":{"line":157,"column":0},"end":{"line":157,"column":411}},"157":{"start":{"line":158,"column":0},"end":{"line":158,"column":456}},"158":{"start":{"line":159,"column":0},"end":{"line":159,"column":353}},"159":{"start":{"line":160,"column":0},"end":{"line":160,"column":400}},"160":{"start":{"line":161,"column":0},"end":{"line":161,"column":482}},"161":{"start":{"line":162,"column":0},"end":{"line":162,"column":52}},"162":{"start":{"line":163,"column":0},"end":{"line":163,"column":529}},"163":{"start":{"line":164,"column":0},"end":{"line":164,"column":383}},"164":{"start":{"line":165,"column":0},"end":{"line":165,"column":357}},"165":{"start":{"line":166,"column":0},"end":{"line":166,"column":499}},"166":{"start":{"line":167,"column":0},"end":{"line":167,"column":259}},"167":{"start":{"line":168,"column":0},"end":{"line":168,"column":253}},"168":{"start":{"line":169,"column":0},"end":{"line":169,"column":399}},"169":{"start":{"line":170,"column":0},"end":{"line":170,"column":369}},"170":{"start":{"line":171,"column":0},"end":{"line":171,"column":414}},"171":{"start":{"line":172,"column":0},"end":{"line":172,"column":475}},"172":{"start":{"line":173,"column":0},"end":{"line":173,"column":176}},"173":{"start":{"line":174,"column":0},"end":{"line":174,"column":464}},"174":{"start":{"line":175,"column":0},"end":{"line":175,"column":255}},"175":{"start":{"line":176,"column":0},"end":{"line":176,"column":515}},"176":{"start":{"line":177,"column":0},"end":{"line":177,"column":503}},"177":{"start":{"line":178,"column":0},"end":{"line":178,"column":502}},"178":{"start":{"line":179,"column":0},"end":{"line":179,"column":535}},"179":{"start":{"line":180,"column":0},"end":{"line":180,"column":512}},"180":{"start":{"line":181,"column":0},"end":{"line":181,"column":470}},"181":{"start":{"line":182,"column":0},"end":{"line":182,"column":501}},"182":{"start":{"line":183,"column":0},"end":{"line":183,"column":299}},"183":{"start":{"line":184,"column":0},"end":{"line":184,"column":413}},"184":{"start":{"line":185,"column":0},"end":{"line":185,"column":261}},"185":{"start":{"line":186,"column":0},"end":{"line":186,"column":507}},"186":{"start":{"line":187,"column":0},"end":{"line":187,"column":475}},"187":{"start":{"line":188,"column":0},"end":{"line":188,"column":358}},"188":{"start":{"line":189,"column":0},"end":{"line":189,"column":436}},"189":{"start":{"line":190,"column":0},"end":{"line":190,"column":353}},"190":{"start":{"line":191,"column":0},"end":{"line":191,"column":340}},"191":{"start":{"line":192,"column":0},"end":{"line":192,"column":218}},"192":{"start":{"line":193,"column":0},"end":{"line":193,"column":443}},"193":{"start":{"line":194,"column":0},"end":{"line":194,"column":217}},"194":{"start":{"line":195,"column":0},"end":{"line":195,"column":509}},"195":{"start":{"line":196,"column":0},"end":{"line":196,"column":419}},"196":{"start":{"line":197,"column":0},"end":{"line":197,"column":502}},"197":{"start":{"line":198,"column":0},"end":{"line":198,"column":509}},"198":{"start":{"line":199,"column":0},"end":{"line":199,"column":520}},"199":{"start":{"line":200,"column":0},"end":{"line":200,"column":536}},"200":{"start":{"line":201,"column":0},"end":{"line":201,"column":501}},"201":{"start":{"line":202,"column":0},"end":{"line":202,"column":164}},"202":{"start":{"line":203,"column":0},"end":{"line":203,"column":493}},"203":{"start":{"line":204,"column":0},"end":{"line":204,"column":195}},"204":{"start":{"line":205,"column":0},"end":{"line":205,"column":506}},"205":{"start":{"line":206,"column":0},"end":{"line":206,"column":506}},"206":{"start":{"line":207,"column":0},"end":{"line":207,"column":468}},"207":{"start":{"line":208,"column":0},"end":{"line":208,"column":224}},"208":{"start":{"line":209,"column":0},"end":{"line":209,"column":504}},"209":{"start":{"line":210,"column":0},"end":{"line":210,"column":501}},"210":{"start":{"line":211,"column":0},"end":{"line":211,"column":457}},"211":{"start":{"line":212,"column":0},"end":{"line":212,"column":236}},"212":{"start":{"line":213,"column":0},"end":{"line":213,"column":509}},"213":{"start":{"line":214,"column":0},"end":{"line":214,"column":478}},"214":{"start":{"line":215,"column":0},"end":{"line":215,"column":431}},"215":{"start":{"line":216,"column":0},"end":{"line":216,"column":503}},"216":{"start":{"line":217,"column":0},"end":{"line":217,"column":267}},"217":{"start":{"line":218,"column":0},"end":{"line":218,"column":314}},"218":{"start":{"line":219,"column":0},"end":{"line":219,"column":502}},"219":{"start":{"line":220,"column":0},"end":{"line":220,"column":502}},"220":{"start":{"line":221,"column":0},"end":{"line":221,"column":482}},"221":{"start":{"line":222,"column":0},"end":{"line":222,"column":333}},"222":{"start":{"line":223,"column":0},"end":{"line":223,"column":350}},"223":{"start":{"line":224,"column":0},"end":{"line":224,"column":511}},"224":{"start":{"line":225,"column":0},"end":{"line":225,"column":539}},"225":{"start":{"line":226,"column":0},"end":{"line":226,"column":502}},"226":{"start":{"line":227,"column":0},"end":{"line":227,"column":524}},"227":{"start":{"line":228,"column":0},"end":{"line":228,"column":506}},"228":{"start":{"line":229,"column":0},"end":{"line":229,"column":506}},"229":{"start":{"line":230,"column":0},"end":{"line":230,"column":511}},"230":{"start":{"line":231,"column":0},"end":{"line":231,"column":505}},"231":{"start":{"line":232,"column":0},"end":{"line":232,"column":515}},"232":{"start":{"line":233,"column":0},"end":{"line":233,"column":506}},"233":{"start":{"line":234,"column":0},"end":{"line":234,"column":502}},"234":{"start":{"line":235,"column":0},"end":{"line":235,"column":516}},"235":{"start":{"line":236,"column":0},"end":{"line":236,"column":504}},"236":{"start":{"line":237,"column":0},"end":{"line":237,"column":371}},"237":{"start":{"line":238,"column":0},"end":{"line":238,"column":527}},"238":{"start":{"line":239,"column":0},"end":{"line":239,"column":283}},"239":{"start":{"line":240,"column":0},"end":{"line":240,"column":502}},"240":{"start":{"line":241,"column":0},"end":{"line":241,"column":510}},"241":{"start":{"line":242,"column":0},"end":{"line":242,"column":508}},"242":{"start":{"line":243,"column":0},"end":{"line":243,"column":499}},"243":{"start":{"line":244,"column":0},"end":{"line":244,"column":420}},"244":{"start":{"line":245,"column":0},"end":{"line":245,"column":314}},"245":{"start":{"line":246,"column":0},"end":{"line":246,"column":379}},"246":{"start":{"line":247,"column":0},"end":{"line":247,"column":276}},"247":{"start":{"line":248,"column":0},"end":{"line":248,"column":501}},"248":{"start":{"line":249,"column":0},"end":{"line":249,"column":503}},"249":{"start":{"line":250,"column":0},"end":{"line":250,"column":266}},"250":{"start":{"line":251,"column":0},"end":{"line":251,"column":482}},"251":{"start":{"line":252,"column":0},"end":{"line":252,"column":512}},"252":{"start":{"line":253,"column":0},"end":{"line":253,"column":508}},"253":{"start":{"line":254,"column":0},"end":{"line":254,"column":501}},"254":{"start":{"line":255,"column":0},"end":{"line":255,"column":506}},"255":{"start":{"line":256,"column":0},"end":{"line":256,"column":513}},"256":{"start":{"line":257,"column":0},"end":{"line":257,"column":501}},"257":{"start":{"line":258,"column":0},"end":{"line":258,"column":440}},"258":{"start":{"line":259,"column":0},"end":{"line":259,"column":456}},"259":{"start":{"line":260,"column":0},"end":{"line":260,"column":531}},"260":{"start":{"line":261,"column":0},"end":{"line":261,"column":520}},"261":{"start":{"line":262,"column":0},"end":{"line":262,"column":296}},"262":{"start":{"line":263,"column":0},"end":{"line":263,"column":478}},"263":{"start":{"line":264,"column":0},"end":{"line":264,"column":321}},"264":{"start":{"line":265,"column":0},"end":{"line":265,"column":395}},"265":{"start":{"line":266,"column":0},"end":{"line":266,"column":462}},"266":{"start":{"line":267,"column":0},"end":{"line":267,"column":503}},"267":{"start":{"line":268,"column":0},"end":{"line":268,"column":507}},"268":{"start":{"line":269,"column":0},"end":{"line":269,"column":374}},"269":{"start":{"line":270,"column":0},"end":{"line":270,"column":189}},"270":{"start":{"line":271,"column":0},"end":{"line":271,"column":419}},"271":{"start":{"line":272,"column":0},"end":{"line":272,"column":472}},"272":{"start":{"line":273,"column":0},"end":{"line":273,"column":305}},"273":{"start":{"line":274,"column":0},"end":{"line":274,"column":508}},"274":{"start":{"line":275,"column":0},"end":{"line":275,"column":172}},"275":{"start":{"line":276,"column":0},"end":{"line":276,"column":502}},"276":{"start":{"line":277,"column":0},"end":{"line":277,"column":506}},"277":{"start":{"line":278,"column":0},"end":{"line":278,"column":470}},"278":{"start":{"line":279,"column":0},"end":{"line":279,"column":475}},"279":{"start":{"line":280,"column":0},"end":{"line":280,"column":449}},"280":{"start":{"line":281,"column":0},"end":{"line":281,"column":501}},"281":{"start":{"line":282,"column":0},"end":{"line":282,"column":486}},"282":{"start":{"line":283,"column":0},"end":{"line":283,"column":503}},"283":{"start":{"line":284,"column":0},"end":{"line":284,"column":505}},"284":{"start":{"line":285,"column":0},"end":{"line":285,"column":490}},"285":{"start":{"line":286,"column":0},"end":{"line":286,"column":340}},"286":{"start":{"line":287,"column":0},"end":{"line":287,"column":402}},"287":{"start":{"line":288,"column":0},"end":{"line":288,"column":213}},"288":{"start":{"line":289,"column":0},"end":{"line":289,"column":502}},"289":{"start":{"line":290,"column":0},"end":{"line":290,"column":523}},"290":{"start":{"line":291,"column":0},"end":{"line":291,"column":506}},"291":{"start":{"line":292,"column":0},"end":{"line":292,"column":503}},"292":{"start":{"line":293,"column":0},"end":{"line":293,"column":512}},"293":{"start":{"line":294,"column":0},"end":{"line":294,"column":505}},"294":{"start":{"line":295,"column":0},"end":{"line":295,"column":503}},"295":{"start":{"line":296,"column":0},"end":{"line":296,"column":402}},"296":{"start":{"line":297,"column":0},"end":{"line":297,"column":469}},"297":{"start":{"line":298,"column":0},"end":{"line":298,"column":144}},"298":{"start":{"line":299,"column":0},"end":{"line":299,"column":509}},"299":{"start":{"line":300,"column":0},"end":{"line":300,"column":57}},"300":{"start":{"line":301,"column":0},"end":{"line":301,"column":503}},"301":{"start":{"line":302,"column":0},"end":{"line":302,"column":365}},"302":{"start":{"line":303,"column":0},"end":{"line":303,"column":183}},"303":{"start":{"line":304,"column":0},"end":{"line":304,"column":527}},"304":{"start":{"line":305,"column":0},"end":{"line":305,"column":421}},"305":{"start":{"line":306,"column":0},"end":{"line":306,"column":357}},"306":{"start":{"line":307,"column":0},"end":{"line":307,"column":444}},"307":{"start":{"line":308,"column":0},"end":{"line":308,"column":445}},"308":{"start":{"line":309,"column":0},"end":{"line":309,"column":351}},"309":{"start":{"line":310,"column":0},"end":{"line":310,"column":425}},"310":{"start":{"line":311,"column":0},"end":{"line":311,"column":479}},"311":{"start":{"line":312,"column":0},"end":{"line":312,"column":449}},"312":{"start":{"line":313,"column":0},"end":{"line":313,"column":292}},"313":{"start":{"line":314,"column":0},"end":{"line":314,"column":423}},"314":{"start":{"line":315,"column":0},"end":{"line":315,"column":155}},"315":{"start":{"line":316,"column":0},"end":{"line":316,"column":536}},"316":{"start":{"line":317,"column":0},"end":{"line":317,"column":402}},"317":{"start":{"line":318,"column":0},"end":{"line":318,"column":503}},"318":{"start":{"line":319,"column":0},"end":{"line":319,"column":401}},"319":{"start":{"line":320,"column":0},"end":{"line":320,"column":537}},"320":{"start":{"line":321,"column":0},"end":{"line":321,"column":338}},"321":{"start":{"line":322,"column":0},"end":{"line":322,"column":223}}},"s":{"0":1,"1":1,"2":1,"3":1,"4":1,"5":1,"6":1,"7":1,"8":1,"9":1,"10":1,"11":1,"12":1,"13":1,"14":1,"15":1,"16":1,"17":1,"18":1,"19":1,"20":1,"21":1,"22":1,"23":1,"24":1,"25":1,"26":1,"27":1,"28":1,"29":1,"30":1,"31":1,"32":1,"33":1,"34":1,"35":1,"36":1,"37":1,"38":1,"39":1,"40":1,"41":1,"42":1,"43":1,"44":1,"45":1,"46":1,"47":1,"48":1,"49":1,"50":1,"51":1,"52":1,"53":1,"54":1,"55":1,"56":1,"57":1,"58":1,"59":1,"60":1,"61":1,"62":1,"63":1,"64":1,"65":1,"66":1,"67":1,"68":1,"69":1,"70":1,"71":1,"72":1,"73":1,"74":1,"75":1,"76":1,"77":1,"78":1,"79":1,"80":1,"81":1,"82":1,"83":1,"84":1,"85":1,"86":1,"87":1,"88":1,"89":1,"90":1,"91":1,"92":1,"93":1,"94":1,"95":1,"96":1,"97":1,"98":1,"99":1,"100":1,"101":1,"102":1,"103":1,"104":1,"105":1,"106":1,"107":1,"108":1,"109":1,"110":1,"111":1,"112":1,"113":1,"114":1,"115":1,"116":1,"117":1,"118":1,"119":1,"120":1,"121":1,"122":1,"123":1,"124":1,"125":1,"126":1,"127":1,"128":1,"129":1,"130":1,"131":1,"132":1,"133":1,"134":1,"135":1,"136":1,"137":1,"138":1,"139":1,"140":1,"141":1,"142":1,"143":1,"144":1,"145":1,"146":1,"147":1,"148":1,"149":1,"150":1,"151":1,"152":1,"153":1,"154":1,"155":1,"156":1,"157":1,"158":1,"159":1,"160":1,"161":1,"162":1,"163":1,"164":1,"165":1,"166":1,"167":1,"168":1,"169":1,"170":1,"171":1,"172":1,"173":1,"174":1,"175":1,"176":1,"177":1,"178":1,"179":1,"180":1,"181":1,"182":1,"183":1,"184":1,"185":1,"186":1,"187":1,"188":1,"189":1,"190":1,"191":1,"192":1,"193":1,"194":1,"195":1,"196":1,"197":1,"198":1,"199":1,"200":1,"201":1,"202":1,"203":1,"204":1,"205":1,"206":1,"207":1,"208":1,"209":1,"210":1,"211":1,"212":1,"213":1,"214":1,"215":1,"216":1,"217":1,"218":1,"219":1,"220":1,"221":1,"222":1,"223":1,"224":1,"225":1,"226":1,"227":1,"228":1,"229":1,"230":1,"231":1,"232":1,"233":1,"234":1,"235":1,"236":1,"237":1,"238":1,"239":1,"240":1,"241":1,"242":1,"243":1,"244":1,"245":1,"246":1,"247":1,"248":1,"249":1,"250":1,"251":1,"252":1,"253":1,"254":1,"255":1,"256":1,"257":1,"258":1,"259":1,"260":1,"261":1,"262":1,"263":1,"264":1,"265":1,"266":1,"267":1,"268":1,"269":1,"270":1,"271":1,"272":1,"273":1,"274":1,"275":1,"276":1,"277":1,"278":1,"279":1,"280":1,"281":1,"282":1,"283":1,"284":1,"285":1,"286":1,"287":1,"288":1,"289":1,"290":1,"291":1,"292":1,"293":1,"294":1,"295":1,"296":1,"297":1,"298":1,"299":1,"300":1,"301":1,"302":1,"303":1,"304":1,"305":1,"306":1,"307":1,"308":1,"309":1,"310":1,"311":1,"312":1,"313":1,"314":1,"315":1,"316":1,"317":1,"318":1,"319":1,"320":1,"321":1},"branchMap":{},"b":{},"fnMap":{},"f":{}}
,"/root/psyfit/frontend_user/node_modules/react-router/dist/development/chunk-EPOLDU6W.mjs": {"path":"/root/psyfit/frontend_user/node_modules/react-router/dist/development/chunk-EPOLDU6W.mjs","all":true,"statementMap":{"0":{"start":{"line":1,"column":0},"end":{"line":1,"column":3}},"1":{"start":{"line":2,"column":0},"end":{"line":2,"column":23}},"2":{"start":{"line":3,"column":0},"end":{"line":3,"column":2}},"3":{"start":{"line":4,"column":0},"end":{"line":4,"column":36}},"4":{"start":{"line":5,"column":0},"end":{"line":5,"column":2}},"5":{"start":{"line":6,"column":0},"end":{"line":6,"column":66}},"6":{"start":{"line":7,"column":0},"end":{"line":7,"column":61}},"7":{"start":{"line":8,"column":0},"end":{"line":8,"column":2}},"8":{"start":{"line":9,"column":0},"end":{"line":9,"column":15}},"9":{"start":{"line":10,"column":0},"end":{"line":10,"column":3}},"10":{"start":{"line":11,"column":0},"end":{"line":11,"column":28}},"11":{"start":{"line":12,"column":0},"end":{"line":12,"column":23}},"12":{"start":{"line":13,"column":0},"end":{"line":13,"column":2}},"13":{"start":{"line":14,"column":0},"end":{"line":14,"column":90}},"14":{"start":{"line":15,"column":0},"end":{"line":15,"column":145}},"15":{"start":{"line":16,"column":0},"end":{"line":16,"column":197}},"16":{"start":{"line":17,"column":0},"end":{"line":17,"column":0}},"17":{"start":{"line":18,"column":0},"end":{"line":18,"column":24}},"18":{"start":{"line":19,"column":0},"end":{"line":19,"column":44}},"19":{"start":{"line":20,"column":0},"end":{"line":20,"column":25}},"20":{"start":{"line":21,"column":0},"end":{"line":21,"column":27}},"21":{"start":{"line":22,"column":0},"end":{"line":22,"column":33}},"22":{"start":{"line":23,"column":0},"end":{"line":23,"column":17}},"23":{"start":{"line":24,"column":0},"end":{"line":24,"column":17}},"24":{"start":{"line":25,"column":0},"end":{"line":25,"column":35}},"25":{"start":{"line":26,"column":0},"end":{"line":26,"column":44}},"26":{"start":{"line":27,"column":0},"end":{"line":27,"column":75}},"27":{"start":{"line":28,"column":0},"end":{"line":28,"column":14}},"28":{"start":{"line":29,"column":0},"end":{"line":29,"column":31}},"29":{"start":{"line":30,"column":0},"end":{"line":30,"column":44}},"30":{"start":{"line":31,"column":0},"end":{"line":31,"column":12}},"31":{"start":{"line":32,"column":0},"end":{"line":32,"column":53}},"32":{"start":{"line":33,"column":0},"end":{"line":33,"column":39}},"33":{"start":{"line":34,"column":0},"end":{"line":34,"column":5}},"34":{"start":{"line":35,"column":0},"end":{"line":35,"column":4}},"35":{"start":{"line":36,"column":0},"end":{"line":36,"column":25}},"36":{"start":{"line":37,"column":0},"end":{"line":37,"column":60}},"37":{"start":{"line":38,"column":0},"end":{"line":38,"column":4}},"38":{"start":{"line":39,"column":0},"end":{"line":39,"column":31}},"39":{"start":{"line":40,"column":0},"end":{"line":40,"column":22}},"40":{"start":{"line":41,"column":0},"end":{"line":41,"column":26}},"41":{"start":{"line":42,"column":0},"end":{"line":42,"column":56}},"42":{"start":{"line":43,"column":0},"end":{"line":43,"column":3}},"43":{"start":{"line":44,"column":0},"end":{"line":44,"column":33}},"44":{"start":{"line":45,"column":0},"end":{"line":45,"column":26}},"45":{"start":{"line":46,"column":0},"end":{"line":46,"column":3}},"46":{"start":{"line":47,"column":0},"end":{"line":47,"column":56}},"47":{"start":{"line":48,"column":0},"end":{"line":48,"column":34}},"48":{"start":{"line":49,"column":0},"end":{"line":49,"column":52}},"49":{"start":{"line":50,"column":0},"end":{"line":50,"column":9}},"50":{"start":{"line":51,"column":0},"end":{"line":51,"column":12}},"51":{"start":{"line":52,"column":0},"end":{"line":52,"column":9}},"52":{"start":{"line":53,"column":0},"end":{"line":53,"column":6}},"53":{"start":{"line":54,"column":0},"end":{"line":54,"column":12}},"54":{"start":{"line":55,"column":0},"end":{"line":55,"column":42}},"55":{"start":{"line":56,"column":0},"end":{"line":56,"column":80}},"56":{"start":{"line":57,"column":0},"end":{"line":57,"column":10}},"57":{"start":{"line":58,"column":0},"end":{"line":58,"column":9}},"58":{"start":{"line":59,"column":0},"end":{"line":59,"column":6}},"59":{"start":{"line":60,"column":0},"end":{"line":60,"column":20}},"60":{"start":{"line":61,"column":0},"end":{"line":61,"column":3}},"61":{"start":{"line":62,"column":0},"end":{"line":62,"column":28}},"62":{"start":{"line":63,"column":0},"end":{"line":63,"column":56}},"63":{"start":{"line":64,"column":0},"end":{"line":64,"column":3}},"64":{"start":{"line":65,"column":0},"end":{"line":65,"column":17}},"65":{"start":{"line":66,"column":0},"end":{"line":66,"column":17}},"66":{"start":{"line":67,"column":0},"end":{"line":67,"column":19}},"67":{"start":{"line":68,"column":0},"end":{"line":68,"column":6}},"68":{"start":{"line":69,"column":0},"end":{"line":69,"column":18}},"69":{"start":{"line":70,"column":0},"end":{"line":70,"column":20}},"70":{"start":{"line":71,"column":0},"end":{"line":71,"column":6}},"71":{"start":{"line":72,"column":0},"end":{"line":72,"column":20}},"72":{"start":{"line":73,"column":0},"end":{"line":73,"column":34}},"73":{"start":{"line":74,"column":0},"end":{"line":74,"column":6}},"74":{"start":{"line":75,"column":0},"end":{"line":75,"column":28}},"75":{"start":{"line":76,"column":0},"end":{"line":76,"column":19}},"76":{"start":{"line":77,"column":0},"end":{"line":77,"column":58}},"77":{"start":{"line":78,"column":0},"end":{"line":78,"column":6}},"78":{"start":{"line":79,"column":0},"end":{"line":79,"column":24}},"79":{"start":{"line":80,"column":0},"end":{"line":80,"column":61}},"80":{"start":{"line":81,"column":0},"end":{"line":81,"column":14}},"81":{"start":{"line":82,"column":0},"end":{"line":82,"column":38}},"82":{"start":{"line":83,"column":0},"end":{"line":83,"column":34}},"83":{"start":{"line":84,"column":0},"end":{"line":84,"column":29}},"84":{"start":{"line":85,"column":0},"end":{"line":85,"column":8}},"85":{"start":{"line":86,"column":0},"end":{"line":86,"column":6}},"86":{"start":{"line":87,"column":0},"end":{"line":87,"column":21}},"87":{"start":{"line":88,"column":0},"end":{"line":88,"column":33}},"88":{"start":{"line":89,"column":0},"end":{"line":89,"column":57}},"89":{"start":{"line":90,"column":0},"end":{"line":90,"column":17}},"90":{"start":{"line":91,"column":0},"end":{"line":91,"column":58}},"91":{"start":{"line":92,"column":0},"end":{"line":92,"column":33}},"92":{"start":{"line":93,"column":0},"end":{"line":93,"column":63}},"93":{"start":{"line":94,"column":0},"end":{"line":94,"column":7}},"94":{"start":{"line":95,"column":0},"end":{"line":95,"column":6}},"95":{"start":{"line":96,"column":0},"end":{"line":96,"column":24}},"96":{"start":{"line":97,"column":0},"end":{"line":97,"column":39}},"97":{"start":{"line":98,"column":0},"end":{"line":98,"column":57}},"98":{"start":{"line":99,"column":0},"end":{"line":99,"column":36}},"99":{"start":{"line":100,"column":0},"end":{"line":100,"column":33}},"100":{"start":{"line":101,"column":0},"end":{"line":101,"column":63}},"101":{"start":{"line":102,"column":0},"end":{"line":102,"column":7}},"102":{"start":{"line":103,"column":0},"end":{"line":103,"column":6}},"103":{"start":{"line":104,"column":0},"end":{"line":104,"column":15}},"104":{"start":{"line":105,"column":0},"end":{"line":105,"column":31}},"105":{"start":{"line":106,"column":0},"end":{"line":106,"column":48}},"106":{"start":{"line":107,"column":0},"end":{"line":107,"column":44}},"107":{"start":{"line":108,"column":0},"end":{"line":108,"column":24}},"108":{"start":{"line":109,"column":0},"end":{"line":109,"column":21}},"109":{"start":{"line":110,"column":0},"end":{"line":110,"column":60}},"110":{"start":{"line":111,"column":0},"end":{"line":111,"column":7}},"111":{"start":{"line":112,"column":0},"end":{"line":112,"column":6}},"112":{"start":{"line":113,"column":0},"end":{"line":113,"column":16}},"113":{"start":{"line":114,"column":0},"end":{"line":114,"column":20}},"114":{"start":{"line":115,"column":0},"end":{"line":115,"column":20}},"115":{"start":{"line":116,"column":0},"end":{"line":116,"column":24}},"116":{"start":{"line":117,"column":0},"end":{"line":117,"column":8}},"117":{"start":{"line":118,"column":0},"end":{"line":118,"column":5}},"118":{"start":{"line":119,"column":0},"end":{"line":119,"column":4}},"119":{"start":{"line":120,"column":0},"end":{"line":120,"column":17}},"120":{"start":{"line":121,"column":0},"end":{"line":121,"column":1}},"121":{"start":{"line":122,"column":0},"end":{"line":122,"column":45}},"122":{"start":{"line":123,"column":0},"end":{"line":123,"column":58}},"123":{"start":{"line":124,"column":0},"end":{"line":124,"column":54}},"124":{"start":{"line":125,"column":0},"end":{"line":125,"column":26}},"125":{"start":{"line":126,"column":0},"end":{"line":126,"column":9}},"126":{"start":{"line":127,"column":0},"end":{"line":127,"column":33}},"127":{"start":{"line":128,"column":0},"end":{"line":128,"column":69}},"128":{"start":{"line":129,"column":0},"end":{"line":129,"column":61}},"129":{"start":{"line":130,"column":0},"end":{"line":130,"column":65}},"130":{"start":{"line":131,"column":0},"end":{"line":131,"column":6}},"131":{"start":{"line":132,"column":0},"end":{"line":132,"column":3}},"132":{"start":{"line":133,"column":0},"end":{"line":133,"column":43}},"133":{"start":{"line":134,"column":0},"end":{"line":134,"column":56}},"134":{"start":{"line":135,"column":0},"end":{"line":135,"column":3}},"135":{"start":{"line":136,"column":0},"end":{"line":136,"column":28}},"136":{"start":{"line":137,"column":0},"end":{"line":137,"column":26}},"137":{"start":{"line":138,"column":0},"end":{"line":138,"column":22}},"138":{"start":{"line":139,"column":0},"end":{"line":139,"column":9}},"139":{"start":{"line":140,"column":0},"end":{"line":140,"column":11}},"140":{"start":{"line":141,"column":0},"end":{"line":141,"column":4}},"141":{"start":{"line":142,"column":0},"end":{"line":142,"column":1}},"142":{"start":{"line":143,"column":0},"end":{"line":143,"column":42}},"143":{"start":{"line":144,"column":0},"end":{"line":144,"column":55}},"144":{"start":{"line":145,"column":0},"end":{"line":145,"column":9}},"145":{"start":{"line":146,"column":0},"end":{"line":146,"column":21}},"146":{"start":{"line":147,"column":0},"end":{"line":147,"column":18}},"147":{"start":{"line":148,"column":0},"end":{"line":148,"column":15}},"148":{"start":{"line":149,"column":0},"end":{"line":149,"column":54}},"149":{"start":{"line":150,"column":0},"end":{"line":150,"column":65}},"150":{"start":{"line":151,"column":0},"end":{"line":151,"column":32}},"151":{"start":{"line":152,"column":0},"end":{"line":152,"column":5}},"152":{"start":{"line":153,"column":0},"end":{"line":153,"column":26}},"153":{"start":{"line":154,"column":0},"end":{"line":154,"column":9}},"154":{"start":{"line":155,"column":0},"end":{"line":155,"column":33}},"155":{"start":{"line":156,"column":0},"end":{"line":156,"column":69}},"156":{"start":{"line":157,"column":0},"end":{"line":157,"column":61}},"157":{"start":{"line":158,"column":0},"end":{"line":158,"column":65}},"158":{"start":{"line":159,"column":0},"end":{"line":159,"column":6}},"159":{"start":{"line":160,"column":0},"end":{"line":160,"column":3}},"160":{"start":{"line":161,"column":0},"end":{"line":161,"column":40}},"161":{"start":{"line":162,"column":0},"end":{"line":162,"column":54}},"162":{"start":{"line":163,"column":0},"end":{"line":163,"column":18}},"163":{"start":{"line":164,"column":0},"end":{"line":164,"column":44}},"164":{"start":{"line":165,"column":0},"end":{"line":165,"column":38}},"165":{"start":{"line":166,"column":0},"end":{"line":166,"column":39}},"166":{"start":{"line":167,"column":0},"end":{"line":167,"column":62}},"167":{"start":{"line":168,"column":0},"end":{"line":168,"column":5}},"168":{"start":{"line":169,"column":0},"end":{"line":169,"column":71}},"169":{"start":{"line":170,"column":0},"end":{"line":170,"column":3}},"170":{"start":{"line":171,"column":0},"end":{"line":171,"column":47}},"171":{"start":{"line":172,"column":0},"end":{"line":172,"column":12}},"172":{"start":{"line":173,"column":0},"end":{"line":173,"column":42}},"173":{"start":{"line":174,"column":0},"end":{"line":174,"column":82}},"174":{"start":{"line":175,"column":0},"end":{"line":175,"column":10}},"175":{"start":{"line":176,"column":0},"end":{"line":176,"column":10}},"176":{"start":{"line":177,"column":0},"end":{"line":177,"column":6}},"177":{"start":{"line":178,"column":0},"end":{"line":178,"column":3}},"178":{"start":{"line":179,"column":0},"end":{"line":179,"column":28}},"179":{"start":{"line":180,"column":0},"end":{"line":180,"column":23}},"180":{"start":{"line":181,"column":0},"end":{"line":181,"column":19}},"181":{"start":{"line":182,"column":0},"end":{"line":182,"column":25}},"182":{"start":{"line":183,"column":0},"end":{"line":183,"column":11}},"183":{"start":{"line":184,"column":0},"end":{"line":184,"column":4}},"184":{"start":{"line":185,"column":0},"end":{"line":185,"column":1}},"185":{"start":{"line":186,"column":0},"end":{"line":186,"column":36}},"186":{"start":{"line":187,"column":0},"end":{"line":187,"column":74}},"187":{"start":{"line":188,"column":0},"end":{"line":188,"column":29}},"188":{"start":{"line":189,"column":0},"end":{"line":189,"column":3}},"189":{"start":{"line":190,"column":0},"end":{"line":190,"column":1}},"190":{"start":{"line":191,"column":0},"end":{"line":191,"column":33}},"191":{"start":{"line":192,"column":0},"end":{"line":192,"column":14}},"192":{"start":{"line":193,"column":0},"end":{"line":193,"column":62}},"193":{"start":{"line":194,"column":0},"end":{"line":194,"column":9}},"194":{"start":{"line":195,"column":0},"end":{"line":195,"column":31}},"195":{"start":{"line":196,"column":0},"end":{"line":196,"column":17}},"196":{"start":{"line":197,"column":0},"end":{"line":197,"column":5}},"197":{"start":{"line":198,"column":0},"end":{"line":198,"column":3}},"198":{"start":{"line":199,"column":0},"end":{"line":199,"column":1}},"199":{"start":{"line":200,"column":0},"end":{"line":200,"column":22}},"200":{"start":{"line":201,"column":0},"end":{"line":201,"column":53}},"201":{"start":{"line":202,"column":0},"end":{"line":202,"column":1}},"202":{"start":{"line":203,"column":0},"end":{"line":203,"column":43}},"203":{"start":{"line":204,"column":0},"end":{"line":204,"column":10}},"204":{"start":{"line":205,"column":0},"end":{"line":205,"column":24}},"205":{"start":{"line":206,"column":0},"end":{"line":206,"column":22}},"206":{"start":{"line":207,"column":0},"end":{"line":207,"column":14}},"207":{"start":{"line":208,"column":0},"end":{"line":208,"column":4}},"208":{"start":{"line":209,"column":0},"end":{"line":209,"column":1}},"209":{"start":{"line":210,"column":0},"end":{"line":210,"column":57}},"210":{"start":{"line":211,"column":0},"end":{"line":211,"column":18}},"211":{"start":{"line":212,"column":0},"end":{"line":212,"column":71}},"212":{"start":{"line":213,"column":0},"end":{"line":213,"column":15}},"213":{"start":{"line":214,"column":0},"end":{"line":214,"column":13}},"214":{"start":{"line":215,"column":0},"end":{"line":215,"column":51}},"215":{"start":{"line":216,"column":0},"end":{"line":216,"column":10}},"216":{"start":{"line":217,"column":0},"end":{"line":217,"column":78}},"217":{"start":{"line":218,"column":0},"end":{"line":218,"column":76}},"218":{"start":{"line":219,"column":0},"end":{"line":219,"column":77}},"219":{"start":{"line":220,"column":0},"end":{"line":220,"column":83}},"220":{"start":{"line":221,"column":0},"end":{"line":221,"column":43}},"221":{"start":{"line":222,"column":0},"end":{"line":222,"column":4}},"222":{"start":{"line":223,"column":0},"end":{"line":223,"column":18}},"223":{"start":{"line":224,"column":0},"end":{"line":224,"column":1}},"224":{"start":{"line":225,"column":0},"end":{"line":225,"column":21}},"225":{"start":{"line":226,"column":0},"end":{"line":226,"column":17}},"226":{"start":{"line":227,"column":0},"end":{"line":227,"column":14}},"227":{"start":{"line":228,"column":0},"end":{"line":228,"column":11}},"228":{"start":{"line":229,"column":0},"end":{"line":229,"column":4}},"229":{"start":{"line":230,"column":0},"end":{"line":230,"column":31}},"230":{"start":{"line":231,"column":0},"end":{"line":231,"column":65}},"231":{"start":{"line":232,"column":0},"end":{"line":232,"column":27}},"232":{"start":{"line":233,"column":0},"end":{"line":233,"column":59}},"233":{"start":{"line":234,"column":0},"end":{"line":234,"column":18}},"234":{"start":{"line":235,"column":0},"end":{"line":235,"column":1}},"235":{"start":{"line":236,"column":0},"end":{"line":236,"column":26}},"236":{"start":{"line":237,"column":0},"end":{"line":237,"column":22}},"237":{"start":{"line":238,"column":0},"end":{"line":238,"column":13}},"238":{"start":{"line":239,"column":0},"end":{"line":239,"column":38}},"239":{"start":{"line":240,"column":0},"end":{"line":240,"column":25}},"240":{"start":{"line":241,"column":0},"end":{"line":241,"column":50}},"241":{"start":{"line":242,"column":0},"end":{"line":242,"column":42}},"242":{"start":{"line":243,"column":0},"end":{"line":243,"column":5}},"243":{"start":{"line":244,"column":0},"end":{"line":244,"column":40}},"244":{"start":{"line":245,"column":0},"end":{"line":245,"column":27}},"245":{"start":{"line":246,"column":0},"end":{"line":246,"column":54}},"246":{"start":{"line":247,"column":0},"end":{"line":247,"column":44}},"247":{"start":{"line":248,"column":0},"end":{"line":248,"column":5}},"248":{"start":{"line":249,"column":0},"end":{"line":249,"column":15}},"249":{"start":{"line":250,"column":0},"end":{"line":250,"column":33}},"250":{"start":{"line":251,"column":0},"end":{"line":251,"column":5}},"251":{"start":{"line":252,"column":0},"end":{"line":252,"column":3}},"252":{"start":{"line":253,"column":0},"end":{"line":253,"column":20}},"253":{"start":{"line":254,"column":0},"end":{"line":254,"column":1}},"254":{"start":{"line":255,"column":0},"end":{"line":255,"column":87}},"255":{"start":{"line":256,"column":0},"end":{"line":256,"column":77}},"256":{"start":{"line":257,"column":0},"end":{"line":257,"column":38}},"257":{"start":{"line":258,"column":0},"end":{"line":258,"column":31}},"258":{"start":{"line":259,"column":0},"end":{"line":259,"column":22}},"259":{"start":{"line":260,"column":0},"end":{"line":260,"column":25}},"260":{"start":{"line":261,"column":0},"end":{"line":261,"column":22}},"261":{"start":{"line":262,"column":0},"end":{"line":262,"column":14}},"262":{"start":{"line":263,"column":0},"end":{"line":263,"column":75}},"263":{"start":{"line":264,"column":0},"end":{"line":264,"column":3}},"264":{"start":{"line":265,"column":0},"end":{"line":265,"column":23}},"265":{"start":{"line":266,"column":0},"end":{"line":266,"column":53}},"266":{"start":{"line":267,"column":0},"end":{"line":267,"column":21}},"267":{"start":{"line":268,"column":0},"end":{"line":268,"column":3}},"268":{"start":{"line":269,"column":0},"end":{"line":269,"column":24}},"269":{"start":{"line":270,"column":0},"end":{"line":270,"column":29}},"270":{"start":{"line":271,"column":0},"end":{"line":271,"column":31}},"271":{"start":{"line":272,"column":0},"end":{"line":272,"column":61}},"272":{"start":{"line":273,"column":0},"end":{"line":273,"column":22}},"273":{"start":{"line":274,"column":0},"end":{"line":274,"column":19}},"274":{"start":{"line":275,"column":0},"end":{"line":275,"column":62}},"275":{"start":{"line":276,"column":0},"end":{"line":276,"column":5}},"276":{"start":{"line":277,"column":0},"end":{"line":277,"column":3}},"277":{"start":{"line":278,"column":0},"end":{"line":278,"column":28}},"278":{"start":{"line":279,"column":0},"end":{"line":279,"column":31}},"279":{"start":{"line":280,"column":0},"end":{"line":280,"column":63}},"280":{"start":{"line":281,"column":0},"end":{"line":281,"column":57}},"281":{"start":{"line":282,"column":0},"end":{"line":282,"column":27}},"282":{"start":{"line":283,"column":0},"end":{"line":283,"column":56}},"283":{"start":{"line":284,"column":0},"end":{"line":284,"column":43}},"284":{"start":{"line":285,"column":0},"end":{"line":285,"column":9}},"285":{"start":{"line":286,"column":0},"end":{"line":286,"column":53}},"286":{"start":{"line":287,"column":0},"end":{"line":287,"column":21}},"287":{"start":{"line":288,"column":0},"end":{"line":288,"column":77}},"288":{"start":{"line":289,"column":0},"end":{"line":289,"column":20}},"289":{"start":{"line":290,"column":0},"end":{"line":290,"column":7}},"290":{"start":{"line":291,"column":0},"end":{"line":291,"column":35}},"291":{"start":{"line":292,"column":0},"end":{"line":292,"column":5}},"292":{"start":{"line":293,"column":0},"end":{"line":293,"column":31}},"293":{"start":{"line":294,"column":0},"end":{"line":294,"column":65}},"294":{"start":{"line":295,"column":0},"end":{"line":295,"column":5}},"295":{"start":{"line":296,"column":0},"end":{"line":296,"column":3}},"296":{"start":{"line":297,"column":0},"end":{"line":297,"column":32}},"297":{"start":{"line":298,"column":0},"end":{"line":298,"column":37}},"298":{"start":{"line":299,"column":0},"end":{"line":299,"column":63}},"299":{"start":{"line":300,"column":0},"end":{"line":300,"column":57}},"300":{"start":{"line":301,"column":0},"end":{"line":301,"column":23}},"301":{"start":{"line":302,"column":0},"end":{"line":302,"column":56}},"302":{"start":{"line":303,"column":0},"end":{"line":303,"column":43}},"303":{"start":{"line":304,"column":0},"end":{"line":304,"column":54}},"304":{"start":{"line":305,"column":0},"end":{"line":305,"column":31}},"305":{"start":{"line":306,"column":0},"end":{"line":306,"column":65}},"306":{"start":{"line":307,"column":0},"end":{"line":307,"column":5}},"307":{"start":{"line":308,"column":0},"end":{"line":308,"column":3}},"308":{"start":{"line":309,"column":0},"end":{"line":309,"column":26}},"309":{"start":{"line":310,"column":0},"end":{"line":310,"column":36}},"310":{"start":{"line":311,"column":0},"end":{"line":311,"column":3}},"311":{"start":{"line":312,"column":0},"end":{"line":312,"column":17}},"312":{"start":{"line":313,"column":0},"end":{"line":313,"column":18}},"313":{"start":{"line":314,"column":0},"end":{"line":314,"column":20}},"314":{"start":{"line":315,"column":0},"end":{"line":315,"column":6}},"315":{"start":{"line":316,"column":0},"end":{"line":316,"column":20}},"316":{"start":{"line":317,"column":0},"end":{"line":317,"column":49}},"317":{"start":{"line":318,"column":0},"end":{"line":318,"column":6}},"318":{"start":{"line":319,"column":0},"end":{"line":319,"column":16}},"319":{"start":{"line":320,"column":0},"end":{"line":320,"column":21}},"320":{"start":{"line":321,"column":0},"end":{"line":321,"column":70}},"321":{"start":{"line":322,"column":0},"end":{"line":322,"column":7}},"322":{"start":{"line":323,"column":0},"end":{"line":323,"column":61}},"323":{"start":{"line":324,"column":0},"end":{"line":324,"column":20}},"324":{"start":{"line":325,"column":0},"end":{"line":325,"column":20}},"325":{"start":{"line":326,"column":0},"end":{"line":326,"column":66}},"326":{"start":{"line":327,"column":0},"end":{"line":327,"column":24}},"327":{"start":{"line":328,"column":0},"end":{"line":328,"column":8}},"328":{"start":{"line":329,"column":0},"end":{"line":329,"column":6}},"329":{"start":{"line":330,"column":0},"end":{"line":330,"column":20}},"330":{"start":{"line":331,"column":0},"end":{"line":331,"column":38}},"331":{"start":{"line":332,"column":0},"end":{"line":332,"column":6}},"332":{"start":{"line":333,"column":0},"end":{"line":333,"column":14}},"333":{"start":{"line":334,"column":0},"end":{"line":334,"column":24}},"334":{"start":{"line":335,"column":0},"end":{"line":335,"column":30}},"335":{"start":{"line":336,"column":0},"end":{"line":336,"column":14}},"336":{"start":{"line":337,"column":0},"end":{"line":337,"column":31}},"337":{"start":{"line":338,"column":0},"end":{"line":338,"column":27}},"338":{"start":{"line":339,"column":0},"end":{"line":339,"column":22}},"340":{"start":{"line":341,"column":0},"end":{"line":341,"column":6}},"341":{"start":{"line":342,"column":0},"end":{"line":342,"column":9}},"342":{"start":{"line":343,"column":0},"end":{"line":343,"column":22}},"343":{"start":{"line":344,"column":0},"end":{"line":344,"column":11}},"344":{"start":{"line":345,"column":0},"end":{"line":345,"column":33}},"345":{"start":{"line":346,"column":0},"end":{"line":346,"column":5}},"347":{"start":{"line":348,"column":0},"end":{"line":348,"column":17}},"348":{"start":{"line":349,"column":0},"end":{"line":349,"column":1}},"349":{"start":{"line":350,"column":0},"end":{"line":350,"column":55}},"350":{"start":{"line":351,"column":0},"end":{"line":351,"column":32}},"351":{"start":{"line":352,"column":0},"end":{"line":352,"column":38}},"352":{"start":{"line":353,"column":0},"end":{"line":353,"column":93}},"354":{"start":{"line":355,"column":0},"end":{"line":355,"column":78}},"355":{"start":{"line":356,"column":0},"end":{"line":356,"column":58}},"356":{"start":{"line":357,"column":0},"end":{"line":357,"column":35}},"357":{"start":{"line":358,"column":0},"end":{"line":358,"column":45}},"358":{"start":{"line":359,"column":0},"end":{"line":359,"column":23}},"360":{"start":{"line":361,"column":0},"end":{"line":361,"column":29}},"361":{"start":{"line":362,"column":0},"end":{"line":362,"column":1}},"497":{"start":{"line":498,"column":0},"end":{"line":498,"column":59}},"498":{"start":{"line":499,"column":0},"end":{"line":499,"column":63}},"499":{"start":{"line":500,"column":0},"end":{"line":500,"column":1}},"500":{"start":{"line":501,"column":0},"end":{"line":501,"column":71}},"501":{"start":{"line":502,"column":0},"end":{"line":502,"column":88}},"502":{"start":{"line":503,"column":0},"end":{"line":503,"column":67}},"503":{"start":{"line":504,"column":0},"end":{"line":504,"column":25}},"504":{"start":{"line":505,"column":0},"end":{"line":505,"column":16}},"506":{"start":{"line":507,"column":0},"end":{"line":507,"column":39}},"507":{"start":{"line":508,"column":0},"end":{"line":508,"column":30}},"508":{"start":{"line":509,"column":0},"end":{"line":509,"column":21}},"509":{"start":{"line":510,"column":0},"end":{"line":510,"column":64}},"510":{"start":{"line":511,"column":0},"end":{"line":511,"column":39}},"511":{"start":{"line":512,"column":0},"end":{"line":512,"column":31}},"512":{"start":{"line":513,"column":0},"end":{"line":513,"column":18}},"513":{"start":{"line":514,"column":0},"end":{"line":514,"column":14}},"514":{"start":{"line":515,"column":0},"end":{"line":515,"column":18}},"516":{"start":{"line":517,"column":0},"end":{"line":517,"column":3}},"517":{"start":{"line":518,"column":0},"end":{"line":518,"column":17}},"518":{"start":{"line":519,"column":0},"end":{"line":519,"column":1}},"530":{"start":{"line":531,"column":0},"end":{"line":531,"column":118}},"531":{"start":{"line":532,"column":0},"end":{"line":532,"column":110}},"532":{"start":{"line":533,"column":0},"end":{"line":533,"column":16}},"533":{"start":{"line":534,"column":0},"end":{"line":534,"column":78}},"534":{"start":{"line":535,"column":0},"end":{"line":535,"column":50}},"535":{"start":{"line":536,"column":0},"end":{"line":536,"column":27}},"536":{"start":{"line":537,"column":0},"end":{"line":537,"column":11}},"538":{"start":{"line":539,"column":0},"end":{"line":539,"column":44}},"539":{"start":{"line":540,"column":0},"end":{"line":540,"column":83}},"540":{"start":{"line":541,"column":0},"end":{"line":541,"column":15}},"542":{"start":{"line":543,"column":0},"end":{"line":543,"column":16}},"543":{"start":{"line":544,"column":0},"end":{"line":544,"column":49}},"544":{"start":{"line":545,"column":0},"end":{"line":545,"column":189}},"546":{"start":{"line":547,"column":0},"end":{"line":547,"column":69}},"547":{"start":{"line":548,"column":0},"end":{"line":548,"column":5}},"548":{"start":{"line":549,"column":0},"end":{"line":549,"column":58}},"549":{"start":{"line":550,"column":0},"end":{"line":550,"column":46}},"550":{"start":{"line":551,"column":0},"end":{"line":551,"column":54}},"551":{"start":{"line":552,"column":0},"end":{"line":552,"column":16}},"554":{"start":{"line":555,"column":0},"end":{"line":555,"column":29}},"555":{"start":{"line":556,"column":0},"end":{"line":556,"column":108}},"557":{"start":{"line":558,"column":0},"end":{"line":558,"column":20}},"558":{"start":{"line":559,"column":0},"end":{"line":559,"column":23}},"559":{"start":{"line":560,"column":0},"end":{"line":560,"column":17}},"560":{"start":{"line":561,"column":0},"end":{"line":561,"column":19}},"561":{"start":{"line":562,"column":0},"end":{"line":562,"column":13}},"562":{"start":{"line":563,"column":0},"end":{"line":563,"column":33}},"565":{"start":{"line":566,"column":0},"end":{"line":566,"column":45}},"568":{"start":{"line":569,"column":0},"end":{"line":569,"column":19}},"569":{"start":{"line":570,"column":0},"end":{"line":570,"column":11}},"570":{"start":{"line":571,"column":0},"end":{"line":571,"column":45}},"571":{"start":{"line":572,"column":0},"end":{"line":572,"column":16}},"572":{"start":{"line":573,"column":0},"end":{"line":573,"column":7}},"573":{"start":{"line":574,"column":0},"end":{"line":574,"column":4}},"574":{"start":{"line":575,"column":0},"end":{"line":575,"column":36}},"575":{"start":{"line":576,"column":0},"end":{"line":576,"column":58}},"576":{"start":{"line":577,"column":0},"end":{"line":577,"column":33}},"578":{"start":{"line":579,"column":0},"end":{"line":579,"column":65}},"579":{"start":{"line":580,"column":0},"end":{"line":580,"column":51}},"582":{"start":{"line":583,"column":0},"end":{"line":583,"column":5}},"583":{"start":{"line":584,"column":0},"end":{"line":584,"column":18}},"584":{"start":{"line":585,"column":0},"end":{"line":585,"column":1}},"585":{"start":{"line":586,"column":0},"end":{"line":586,"column":40}},"586":{"start":{"line":587,"column":0},"end":{"line":587,"column":33}},"587":{"start":{"line":588,"column":0},"end":{"line":588,"column":39}},"588":{"start":{"line":589,"column":0},"end":{"line":589,"column":34}},"589":{"start":{"line":590,"column":0},"end":{"line":590,"column":39}},"590":{"start":{"line":591,"column":0},"end":{"line":591,"column":42}},"591":{"start":{"line":592,"column":0},"end":{"line":592,"column":26}},"592":{"start":{"line":593,"column":0},"end":{"line":593,"column":52}},"594":{"start":{"line":595,"column":0},"end":{"line":595,"column":61}},"595":{"start":{"line":596,"column":0},"end":{"line":596,"column":18}},"596":{"start":{"line":597,"column":0},"end":{"line":597,"column":14}},"597":{"start":{"line":598,"column":0},"end":{"line":598,"column":24}},"598":{"start":{"line":599,"column":0},"end":{"line":599,"column":76}},"599":{"start":{"line":600,"column":0},"end":{"line":600,"column":5}},"601":{"start":{"line":602,"column":0},"end":{"line":602,"column":19}},"602":{"start":{"line":603,"column":0},"end":{"line":603,"column":33}},"604":{"start":{"line":605,"column":0},"end":{"line":605,"column":20}},"605":{"start":{"line":606,"column":0},"end":{"line":606,"column":74}},"607":{"start":{"line":608,"column":0},"end":{"line":608,"column":1}},"608":{"start":{"line":609,"column":0},"end":{"line":609,"column":38}},"609":{"start":{"line":610,"column":0},"end":{"line":610,"column":16}},"610":{"start":{"line":611,"column":0},"end":{"line":611,"column":71}},"611":{"start":{"line":612,"column":0},"end":{"line":612,"column":53}},"612":{"start":{"line":613,"column":0},"end":{"line":613,"column":52}},"613":{"start":{"line":614,"column":0},"end":{"line":614,"column":5}},"615":{"start":{"line":616,"column":0},"end":{"line":616,"column":1}},"616":{"start":{"line":617,"column":0},"end":{"line":617,"column":26}},"617":{"start":{"line":618,"column":0},"end":{"line":618,"column":28}},"618":{"start":{"line":619,"column":0},"end":{"line":619,"column":24}},"619":{"start":{"line":620,"column":0},"end":{"line":620,"column":26}},"620":{"start":{"line":621,"column":0},"end":{"line":621,"column":28}},"621":{"start":{"line":622,"column":0},"end":{"line":622,"column":22}},"622":{"start":{"line":623,"column":0},"end":{"line":623,"column":31}},"623":{"start":{"line":624,"column":0},"end":{"line":624,"column":36}},"624":{"start":{"line":625,"column":0},"end":{"line":625,"column":33}},"625":{"start":{"line":626,"column":0},"end":{"line":626,"column":37}},"626":{"start":{"line":627,"column":0},"end":{"line":627,"column":31}},"627":{"start":{"line":628,"column":0},"end":{"line":628,"column":33}},"629":{"start":{"line":630,"column":0},"end":{"line":630,"column":14}},"630":{"start":{"line":631,"column":0},"end":{"line":631,"column":36}},"632":{"start":{"line":633,"column":0},"end":{"line":633,"column":52}},"633":{"start":{"line":634,"column":0},"end":{"line":634,"column":136}},"634":{"start":{"line":635,"column":0},"end":{"line":635,"column":16}},"636":{"start":{"line":637,"column":0},"end":{"line":637,"column":1}},"637":{"start":{"line":638,"column":0},"end":{"line":638,"column":31}},"638":{"start":{"line":639,"column":0},"end":{"line":639,"column":85}},"639":{"start":{"line":640,"column":0},"end":{"line":640,"column":21}},"644":{"start":{"line":645,"column":0},"end":{"line":645,"column":37}},"648":{"start":{"line":649,"column":0},"end":{"line":649,"column":5}},"650":{"start":{"line":651,"column":0},"end":{"line":651,"column":1}},"651":{"start":{"line":652,"column":0},"end":{"line":652,"column":67}},"652":{"start":{"line":653,"column":0},"end":{"line":653,"column":30}},"653":{"start":{"line":654,"column":0},"end":{"line":654,"column":25}},"654":{"start":{"line":655,"column":0},"end":{"line":655,"column":28}},"655":{"start":{"line":656,"column":0},"end":{"line":656,"column":19}},"656":{"start":{"line":657,"column":0},"end":{"line":657,"column":47}},"657":{"start":{"line":658,"column":0},"end":{"line":658,"column":29}},"658":{"start":{"line":659,"column":0},"end":{"line":659,"column":42}},"659":{"start":{"line":660,"column":0},"end":{"line":660,"column":111}},"660":{"start":{"line":661,"column":0},"end":{"line":661,"column":26}},"661":{"start":{"line":662,"column":0},"end":{"line":662,"column":74}},"662":{"start":{"line":663,"column":0},"end":{"line":663,"column":23}},"664":{"start":{"line":665,"column":0},"end":{"line":665,"column":27}},"665":{"start":{"line":666,"column":0},"end":{"line":666,"column":90}},"666":{"start":{"line":667,"column":0},"end":{"line":667,"column":24}},"667":{"start":{"line":668,"column":0},"end":{"line":668,"column":9}},"668":{"start":{"line":669,"column":0},"end":{"line":669,"column":34}},"669":{"start":{"line":670,"column":0},"end":{"line":670,"column":44}},"670":{"start":{"line":671,"column":0},"end":{"line":671,"column":20}},"672":{"start":{"line":673,"column":0},"end":{"line":673,"column":25}},"675":{"start":{"line":676,"column":0},"end":{"line":676,"column":17}},"676":{"start":{"line":677,"column":0},"end":{"line":677,"column":18}},"678":{"start":{"line":679,"column":0},"end":{"line":679,"column":47}},"679":{"start":{"line":680,"column":0},"end":{"line":680,"column":18}},"681":{"start":{"line":682,"column":0},"end":{"line":682,"column":28}},"682":{"start":{"line":683,"column":0},"end":{"line":683,"column":61}},"683":{"start":{"line":684,"column":0},"end":{"line":684,"column":38}},"684":{"start":{"line":685,"column":0},"end":{"line":685,"column":56}},"686":{"start":{"line":687,"column":0},"end":{"line":687,"column":11}},"687":{"start":{"line":688,"column":0},"end":{"line":688,"column":7}},"688":{"start":{"line":689,"column":0},"end":{"line":689,"column":37}},"689":{"start":{"line":690,"column":0},"end":{"line":690,"column":73}},"691":{"start":{"line":692,"column":0},"end":{"line":692,"column":3}},"692":{"start":{"line":693,"column":0},"end":{"line":693,"column":17}},"693":{"start":{"line":694,"column":0},"end":{"line":694,"column":1}},"722":{"start":{"line":723,"column":0},"end":{"line":723,"column":39}},"723":{"start":{"line":724,"column":0},"end":{"line":724,"column":36}},"724":{"start":{"line":725,"column":0},"end":{"line":725,"column":65}},"726":{"start":{"line":727,"column":0},"end":{"line":727,"column":46}},"727":{"start":{"line":728,"column":0},"end":{"line":728,"column":17}},"728":{"start":{"line":729,"column":0},"end":{"line":729,"column":26}},"729":{"start":{"line":730,"column":0},"end":{"line":730,"column":15}},"731":{"start":{"line":732,"column":0},"end":{"line":732,"column":38}},"732":{"start":{"line":733,"column":0},"end":{"line":733,"column":26}},"733":{"start":{"line":734,"column":0},"end":{"line":734,"column":33}},"734":{"start":{"line":735,"column":0},"end":{"line":735,"column":62}},"735":{"start":{"line":736,"column":0},"end":{"line":736,"column":37}},"736":{"start":{"line":737,"column":0},"end":{"line":737,"column":37}},"737":{"start":{"line":738,"column":0},"end":{"line":738,"column":50}},"738":{"start":{"line":739,"column":0},"end":{"line":739,"column":30}},"739":{"start":{"line":740,"column":0},"end":{"line":740,"column":52}},"740":{"start":{"line":741,"column":0},"end":{"line":741,"column":117}},"741":{"start":{"line":742,"column":0},"end":{"line":742,"column":7}},"742":{"start":{"line":743,"column":0},"end":{"line":743,"column":41}},"743":{"start":{"line":744,"column":0},"end":{"line":744,"column":33}},"744":{"start":{"line":745,"column":0},"end":{"line":745,"column":34}},"746":{"start":{"line":747,"column":0},"end":{"line":747,"column":62}},"748":{"start":{"line":749,"column":0},"end":{"line":749,"column":19}},"749":{"start":{"line":750,"column":0},"end":{"line":750,"column":6}},"750":{"start":{"line":751,"column":0},"end":{"line":751,"column":6}},"752":{"start":{"line":753,"column":0},"end":{"line":753,"column":10}},"753":{"start":{"line":754,"column":0},"end":{"line":754,"column":11}},"754":{"start":{"line":755,"column":0},"end":{"line":755,"column":30}},"755":{"start":{"line":756,"column":0},"end":{"line":756,"column":17}},"756":{"start":{"line":757,"column":0},"end":{"line":757,"column":11}},"758":{"start":{"line":759,"column":0},"end":{"line":759,"column":1}},"759":{"start":{"line":760,"column":0},"end":{"line":760,"column":63}},"760":{"start":{"line":761,"column":0},"end":{"line":761,"column":10}},"761":{"start":{"line":762,"column":0},"end":{"line":762,"column":63}},"762":{"start":{"line":763,"column":0},"end":{"line":763,"column":250}},"764":{"start":{"line":765,"column":0},"end":{"line":765,"column":18}},"765":{"start":{"line":766,"column":0},"end":{"line":766,"column":122}},"766":{"start":{"line":767,"column":0},"end":{"line":767,"column":24}},"767":{"start":{"line":768,"column":0},"end":{"line":768,"column":35}},"768":{"start":{"line":769,"column":0},"end":{"line":769,"column":65}},"769":{"start":{"line":770,"column":0},"end":{"line":770,"column":56}},"770":{"start":{"line":771,"column":0},"end":{"line":771,"column":5}},"771":{"start":{"line":772,"column":0},"end":{"line":772,"column":47}},"772":{"start":{"line":773,"column":0},"end":{"line":773,"column":27}},"773":{"start":{"line":774,"column":0},"end":{"line":774,"column":36}},"774":{"start":{"line":775,"column":0},"end":{"line":775,"column":82}},"775":{"start":{"line":776,"column":0},"end":{"line":776,"column":19}},"776":{"start":{"line":777,"column":0},"end":{"line":777,"column":28}},"777":{"start":{"line":778,"column":0},"end":{"line":778,"column":43}},"778":{"start":{"line":779,"column":0},"end":{"line":779,"column":36}},"781":{"start":{"line":782,"column":0},"end":{"line":782,"column":71}},"782":{"start":{"line":783,"column":0},"end":{"line":783,"column":27}},"783":{"start":{"line":784,"column":0},"end":{"line":784,"column":1}},"784":{"start":{"line":785,"column":0},"end":{"line":785,"column":28}},"785":{"start":{"line":786,"column":0},"end":{"line":786,"column":7}},"786":{"start":{"line":787,"column":0},"end":{"line":787,"column":94}},"787":{"start":{"line":788,"column":0},"end":{"line":788,"column":19}},"788":{"start":{"line":789,"column":0},"end":{"line":789,"column":12}},"789":{"start":{"line":790,"column":0},"end":{"line":790,"column":12}},"790":{"start":{"line":791,"column":0},"end":{"line":791,"column":150}},"792":{"start":{"line":793,"column":0},"end":{"line":793,"column":17}},"793":{"start":{"line":794,"column":0},"end":{"line":794,"column":3}},"794":{"start":{"line":795,"column":0},"end":{"line":795,"column":1}},"795":{"start":{"line":796,"column":0},"end":{"line":796,"column":44}},"796":{"start":{"line":797,"column":0},"end":{"line":797,"column":40}},"797":{"start":{"line":798,"column":0},"end":{"line":798,"column":67}},"798":{"start":{"line":799,"column":0},"end":{"line":799,"column":16}},"800":{"start":{"line":801,"column":0},"end":{"line":801,"column":82}},"801":{"start":{"line":802,"column":0},"end":{"line":802,"column":45}},"802":{"start":{"line":803,"column":0},"end":{"line":803,"column":37}},"803":{"start":{"line":804,"column":0},"end":{"line":804,"column":16}},"805":{"start":{"line":806,"column":0},"end":{"line":806,"column":43}},"806":{"start":{"line":807,"column":0},"end":{"line":807,"column":1}},"813":{"start":{"line":814,"column":0},"end":{"line":814,"column":57}},"814":{"start":{"line":815,"column":0},"end":{"line":815,"column":58}},"815":{"start":{"line":816,"column":0},"end":{"line":816,"column":46}},"816":{"start":{"line":817,"column":0},"end":{"line":817,"column":7}},"817":{"start":{"line":818,"column":0},"end":{"line":818,"column":25}},"818":{"start":{"line":819,"column":0},"end":{"line":819,"column":16}},"819":{"start":{"line":820,"column":0},"end":{"line":820,"column":13}},"820":{"start":{"line":821,"column":0},"end":{"line":821,"column":50}},"821":{"start":{"line":822,"column":0},"end":{"line":822,"column":15}},"822":{"start":{"line":823,"column":0},"end":{"line":823,"column":19}},"823":{"start":{"line":824,"column":0},"end":{"line":824,"column":36}},"824":{"start":{"line":825,"column":0},"end":{"line":825,"column":28}},"825":{"start":{"line":826,"column":0},"end":{"line":826,"column":12}},"826":{"start":{"line":827,"column":0},"end":{"line":827,"column":38}},"827":{"start":{"line":828,"column":0},"end":{"line":828,"column":37}},"828":{"start":{"line":829,"column":0},"end":{"line":829,"column":55}},"829":{"start":{"line":830,"column":0},"end":{"line":830,"column":16}},"830":{"start":{"line":831,"column":0},"end":{"line":831,"column":16}},"831":{"start":{"line":832,"column":0},"end":{"line":832,"column":103}},"833":{"start":{"line":834,"column":0},"end":{"line":834,"column":7}},"834":{"start":{"line":835,"column":0},"end":{"line":835,"column":39}},"835":{"start":{"line":836,"column":0},"end":{"line":836,"column":65}},"837":{"start":{"line":838,"column":0},"end":{"line":838,"column":61}},"839":{"start":{"line":840,"column":0},"end":{"line":840,"column":5}},"841":{"start":{"line":842,"column":0},"end":{"line":842,"column":28}},"843":{"start":{"line":844,"column":0},"end":{"line":844,"column":10}},"844":{"start":{"line":845,"column":0},"end":{"line":845,"column":13}},"845":{"start":{"line":846,"column":0},"end":{"line":846,"column":36}},"846":{"start":{"line":847,"column":0},"end":{"line":847,"column":29}},"848":{"start":{"line":849,"column":0},"end":{"line":849,"column":1}},"849":{"start":{"line":850,"column":0},"end":{"line":850,"column":54}},"850":{"start":{"line":851,"column":0},"end":{"line":851,"column":61}},"851":{"start":{"line":852,"column":0},"end":{"line":852,"column":49}},"852":{"start":{"line":853,"column":0},"end":{"line":853,"column":41}},"853":{"start":{"line":854,"column":0},"end":{"line":854,"column":27}},"854":{"start":{"line":855,"column":0},"end":{"line":855,"column":46}},"855":{"start":{"line":856,"column":0},"end":{"line":856,"column":33}},"856":{"start":{"line":857,"column":0},"end":{"line":857,"column":29}},"858":{"start":{"line":859,"column":0},"end":{"line":859,"column":5}},"859":{"start":{"line":860,"column":0},"end":{"line":860,"column":56}},"860":{"start":{"line":861,"column":0},"end":{"line":861,"column":1}},"861":{"start":{"line":862,"column":0},"end":{"line":862,"column":55}},"862":{"start":{"line":863,"column":0},"end":{"line":863,"column":111}},"863":{"start":{"line":864,"column":0},"end":{"line":864,"column":8}},"864":{"start":{"line":865,"column":0},"end":{"line":865,"column":174}},"865":{"start":{"line":866,"column":0},"end":{"line":866,"column":1}},"866":{"start":{"line":867,"column":0},"end":{"line":867,"column":46}},"867":{"start":{"line":868,"column":0},"end":{"line":868,"column":24}},"868":{"start":{"line":869,"column":0},"end":{"line":869,"column":84}},"870":{"start":{"line":871,"column":0},"end":{"line":871,"column":1}},"871":{"start":{"line":872,"column":0},"end":{"line":872,"column":39}},"872":{"start":{"line":873,"column":0},"end":{"line":873,"column":56}},"873":{"start":{"line":874,"column":0},"end":{"line":874,"column":25}},"874":{"start":{"line":875,"column":0},"end":{"line":875,"column":88}},"876":{"start":{"line":877,"column":0},"end":{"line":877,"column":1}},"877":{"start":{"line":878,"column":0},"end":{"line":878,"column":85}},"878":{"start":{"line":879,"column":0},"end":{"line":879,"column":9}},"879":{"start":{"line":880,"column":0},"end":{"line":880,"column":34}},"880":{"start":{"line":881,"column":0},"end":{"line":881,"column":26}},"882":{"start":{"line":883,"column":0},"end":{"line":883,"column":22}},"883":{"start":{"line":884,"column":0},"end":{"line":884,"column":14}},"884":{"start":{"line":885,"column":0},"end":{"line":885,"column":49}},"885":{"start":{"line":886,"column":0},"end":{"line":886,"column":56}},"887":{"start":{"line":888,"column":0},"end":{"line":888,"column":14}},"888":{"start":{"line":889,"column":0},"end":{"line":889,"column":49}},"889":{"start":{"line":890,"column":0},"end":{"line":890,"column":54}},"891":{"start":{"line":892,"column":0},"end":{"line":892,"column":14}},"892":{"start":{"line":893,"column":0},"end":{"line":893,"column":45}},"893":{"start":{"line":894,"column":0},"end":{"line":894,"column":52}},"896":{"start":{"line":897,"column":0},"end":{"line":897,"column":55}},"897":{"start":{"line":898,"column":0},"end":{"line":898,"column":51}},"898":{"start":{"line":899,"column":0},"end":{"line":899,"column":11}},"899":{"start":{"line":900,"column":0},"end":{"line":900,"column":27}},"900":{"start":{"line":901,"column":0},"end":{"line":901,"column":28}},"901":{"start":{"line":902,"column":0},"end":{"line":902,"column":10}},"902":{"start":{"line":903,"column":0},"end":{"line":903,"column":55}},"903":{"start":{"line":904,"column":0},"end":{"line":904,"column":57}},"904":{"start":{"line":905,"column":0},"end":{"line":905,"column":45}},"905":{"start":{"line":906,"column":0},"end":{"line":906,"column":38}},"906":{"start":{"line":907,"column":0},"end":{"line":907,"column":27}},"907":{"start":{"line":908,"column":0},"end":{"line":908,"column":32}},"909":{"start":{"line":910,"column":0},"end":{"line":910,"column":41}},"910":{"start":{"line":911,"column":0},"end":{"line":911,"column":5}},"911":{"start":{"line":912,"column":0},"end":{"line":912,"column":78}},"912":{"start":{"line":913,"column":0},"end":{"line":913,"column":3}},"913":{"start":{"line":914,"column":0},"end":{"line":914,"column":35}},"914":{"start":{"line":915,"column":0},"end":{"line":915,"column":94}},"915":{"start":{"line":916,"column":0},"end":{"line":916,"column":102}},"916":{"start":{"line":917,"column":0},"end":{"line":917,"column":94}},"917":{"start":{"line":918,"column":0},"end":{"line":918,"column":25}},"919":{"start":{"line":920,"column":0},"end":{"line":920,"column":14}},"920":{"start":{"line":921,"column":0},"end":{"line":921,"column":1}},"921":{"start":{"line":922,"column":0},"end":{"line":922,"column":66}},"922":{"start":{"line":923,"column":0},"end":{"line":923,"column":88}},"923":{"start":{"line":924,"column":0},"end":{"line":924,"column":114}},"924":{"start":{"line":925,"column":0},"end":{"line":925,"column":100}},"959":{"start":{"line":960,"column":0},"end":{"line":960,"column":31}},"960":{"start":{"line":961,"column":0},"end":{"line":961,"column":60}},"961":{"start":{"line":962,"column":0},"end":{"line":962,"column":25}},"962":{"start":{"line":963,"column":0},"end":{"line":963,"column":39}},"963":{"start":{"line":964,"column":0},"end":{"line":964,"column":29}},"964":{"start":{"
[...]
line":181,"loc":{"start":{"line":181,"column":20},"end":{"line":185,"column":7}},"locations":[{"start":{"line":181,"column":20},"end":{"line":185,"column":7}}]},"29":{"type":"branch","line":191,"loc":{"start":{"line":191,"column":21},"end":{"line":225,"column":3}},"locations":[{"start":{"line":191,"column":21},"end":{"line":225,"column":3}}]},"30":{"type":"branch","line":192,"loc":{"start":{"line":192,"column":37},"end":{"line":224,"column":5}},"locations":[{"start":{"line":192,"column":37},"end":{"line":224,"column":5}}]},"31":{"type":"branch","line":212,"loc":{"start":{"line":212,"column":20},"end":{"line":214,"column":7}},"locations":[{"start":{"line":212,"column":20},"end":{"line":214,"column":7}}]},"32":{"type":"branch","line":218,"loc":{"start":{"line":218,"column":20},"end":{"line":220,"column":7}},"locations":[{"start":{"line":218,"column":20},"end":{"line":220,"column":7}}]},"33":{"type":"branch","line":227,"loc":{"start":{"line":227,"column":30},"end":{"line":253,"column":3}},"locations":[{"start":{"line":227,"column":30},"end":{"line":253,"column":3}}]},"34":{"type":"branch","line":228,"loc":{"start":{"line":228,"column":59},"end":{"line":252,"column":5}},"locations":[{"start":{"line":228,"column":59},"end":{"line":252,"column":5}}]},"35":{"type":"branch","line":243,"loc":{"start":{"line":243,"column":20},"end":{"line":245,"column":7}},"locations":[{"start":{"line":243,"column":20},"end":{"line":245,"column":7}}]},"36":{"type":"branch","line":256,"loc":{"start":{"line":256,"column":25},"end":{"line":272,"column":2}},"locations":[{"start":{"line":256,"column":25},"end":{"line":272,"column":2}}]},"37":{"type":"branch","line":257,"loc":{"start":{"line":257,"column":58},"end":{"line":271,"column":3}},"locations":[{"start":{"line":257,"column":58},"end":{"line":271,"column":3}}]},"38":{"type":"branch","line":259,"loc":{"start":{"line":259,"column":69},"end":{"line":259,"column":77}},"locations":[{"start":{"line":259,"column":69},"end":{"line":259,"column":77}}]},"39":{"type":"branch","line":261,"loc":{"start":{"line":261,"column":4},"end":{"line":264,"column":5}},"locations":[{"start":{"line":261,"column":4},"end":{"line":264,"column":5}}]},"40":{"type":"branch","line":266,"loc":{"start":{"line":266,"column":11},"end":{"line":266,"column":57}},"locations":[{"start":{"line":266,"column":11},"end":{"line":266,"column":57}}]}},"b":{"0":[19],"1":[9],"2":[10],"3":[5],"4":[14],"5":[5],"6":[14],"7":[18],"8":[2],"9":[1],"10":[7],"11":[1],"12":[7],"13":[7],"14":[1],"15":[1],"16":[1],"17":[1],"18":[1],"19":[2],"20":[1],"21":[2],"22":[1],"23":[1],"24":[2],"25":[1],"26":[1],"27":[2],"28":[1],"29":[1],"30":[1],"31":[1],"32":[1],"33":[1],"34":[1],"35":[1],"36":[1],"37":[1],"38":[3],"39":[5],"40":[1]},"fnMap":{"0":{"name":"TestComponent","decl":{"start":{"line":40,"column":0},"end":{"line":61,"column":1}},"loc":{"start":{"line":40,"column":0},"end":{"line":61,"column":1}},"line":40},"1":{"name":"handleLogin","decl":{"start":{"line":43,"column":22},"end":{"line":49,"column":3}},"loc":{"start":{"line":43,"column":22},"end":{"line":49,"column":3}},"line":43},"2":{"name":"renderWithProviders","decl":{"start":{"line":63,"column":0},"end":{"line":69,"column":1}},"loc":{"start":{"line":63,"column":0},"end":{"line":69,"column":1}},"line":63},"3":{"name":"TestComponentOutsideProvider","decl":{"start":{"line":261,"column":4},"end":{"line":264,"column":5}},"loc":{"start":{"line":261,"column":4},"end":{"line":264,"column":5}},"line":261}},"f":{"0":19,"1":2,"2":7,"3":5}}
,"/root/psyfit/frontend_user/src/lib/api-client.ts": {"path":"/root/psyfit/frontend_user/src/lib/api-client.ts","all":true,"statementMap":{"17":{"start":{"line":18,"column":0},"end":{"line":18,"column":62}},"19":{"start":{"line":20,"column":0},"end":{"line":20,"column":17}},"20":{"start":{"line":21,"column":0},"end":{"line":21,"column":25}},"22":{"start":{"line":23,"column":0},"end":{"line":23,"column":47}},"23":{"start":{"line":24,"column":0},"end":{"line":24,"column":26}},"24":{"start":{"line":25,"column":0},"end":{"line":25,"column":3}},"26":{"start":{"line":27,"column":0},"end":{"line":27,"column":27}},"27":{"start":{"line":28,"column":0},"end":{"line":28,"column":21}},"28":{"start":{"line":29,"column":0},"end":{"line":29,"column":29}},"29":{"start":{"line":30,"column":0},"end":{"line":30,"column":30}},"30":{"start":{"line":31,"column":0},"end":{"line":31,"column":44}},"32":{"start":{"line":33,"column":0},"end":{"line":33,"column":33}},"33":{"start":{"line":34,"column":0},"end":{"line":34,"column":17}},"34":{"start":{"line":35,"column":0},"end":{"line":35,"column":16}},"35":{"start":{"line":36,"column":0},"end":{"line":36,"column":43}},"36":{"start":{"line":37,"column":0},"end":{"line":37,"column":27}},"37":{"start":{"line":38,"column":0},"end":{"line":38,"column":8}},"38":{"start":{"line":39,"column":0},"end":{"line":39,"column":56}},"39":{"start":{"line":40,"column":0},"end":{"line":40,"column":5}},"41":{"start":{"line":42,"column":0},"end":{"line":42,"column":45}},"43":{"start":{"line":44,"column":0},"end":{"line":44,"column":23}},"44":{"start":{"line":45,"column":0},"end":{"line":45,"column":36}},"46":{"start":{"line":47,"column":0},"end":{"line":47,"column":48}},"47":{"start":{"line":48,"column":0},"end":{"line":48,"column":7}},"49":{"start":{"line":50,"column":0},"end":{"line":50,"column":63}},"50":{"start":{"line":51,"column":0},"end":{"line":51,"column":25}},"51":{"start":{"line":52,"column":0},"end":{"line":52,"column":42}},"52":{"start":{"line":53,"column":0},"end":{"line":53,"column":24}},"53":{"start":{"line":54,"column":0},"end":{"line":54,"column":24}},"54":{"start":{"line":55,"column":0},"end":{"line":55,"column":7}},"55":{"start":{"line":56,"column":0},"end":{"line":56,"column":5}},"57":{"start":{"line":58,"column":0},"end":{"line":58,"column":26}},"58":{"start":{"line":59,"column":0},"end":{"line":59,"column":3}},"61":{"start":{"line":62,"column":0},"end":{"line":62,"column":83}},"62":{"start":{"line":63,"column":0},"end":{"line":63,"column":55}},"63":{"start":{"line":64,"column":0},"end":{"line":64,"column":21}},"64":{"start":{"line":65,"column":0},"end":{"line":65,"column":40}},"65":{"start":{"line":66,"column":0},"end":{"line":66,"column":6}},"66":{"start":{"line":67,"column":0},"end":{"line":67,"column":3}},"68":{"start":{"line":69,"column":0},"end":{"line":69,"column":56}},"69":{"start":{"line":70,"column":0},"end":{"line":70,"column":57}},"70":{"start":{"line":71,"column":0},"end":{"line":71,"column":23}},"71":{"start":{"line":72,"column":0},"end":{"line":72,"column":6}},"72":{"start":{"line":73,"column":0},"end":{"line":73,"column":3}},"74":{"start":{"line":75,"column":0},"end":{"line":75,"column":54}},"75":{"start":{"line":76,"column":0},"end":{"line":76,"column":42}},"76":{"start":{"line":77,"column":0},"end":{"line":77,"column":3}},"79":{"start":{"line":80,"column":0},"end":{"line":80,"column":102}},"80":{"start":{"line":81,"column":0},"end":{"line":81,"column":30}},"81":{"start":{"line":82,"column":0},"end":{"line":82,"column":34}},"82":{"start":{"line":83,"column":0},"end":{"line":83,"column":89}},"83":{"start":{"line":84,"column":0},"end":{"line":84,"column":20}},"84":{"start":{"line":85,"column":0},"end":{"line":85,"column":10}},"85":{"start":{"line":86,"column":0},"end":{"line":86,"column":92}},"86":{"start":{"line":87,"column":0},"end":{"line":87,"column":3}},"89":{"start":{"line":90,"column":0},"end":{"line":90,"column":96}},"90":{"start":{"line":91,"column":0},"end":{"line":91,"column":30}},"91":{"start":{"line":92,"column":0},"end":{"line":92,"column":34}},"92":{"start":{"line":93,"column":0},"end":{"line":93,"column":89}},"93":{"start":{"line":94,"column":0},"end":{"line":94,"column":20}},"94":{"start":{"line":95,"column":0},"end":{"line":95,"column":10}},"95":{"start":{"line":96,"column":0},"end":{"line":96,"column":85}},"96":{"start":{"line":97,"column":0},"end":{"line":97,"column":3}},"99":{"start":{"line":100,"column":0},"end":{"line":100,"column":103}},"100":{"start":{"line":101,"column":0},"end":{"line":101,"column":62}},"101":{"start":{"line":102,"column":0},"end":{"line":102,"column":21}},"102":{"start":{"line":103,"column":0},"end":{"line":103,"column":33}},"103":{"start":{"line":104,"column":0},"end":{"line":104,"column":6}},"104":{"start":{"line":105,"column":0},"end":{"line":105,"column":3}},"107":{"start":{"line":108,"column":0},"end":{"line":108,"column":69}},"108":{"start":{"line":109,"column":0},"end":{"line":109,"column":65}},"109":{"start":{"line":110,"column":0},"end":{"line":110,"column":3}},"111":{"start":{"line":112,"column":0},"end":{"line":112,"column":65}},"112":{"start":{"line":113,"column":0},"end":{"line":113,"column":53}},"113":{"start":{"line":114,"column":0},"end":{"line":114,"column":3}},"115":{"start":{"line":116,"column":0},"end":{"line":116,"column":103}},"116":{"start":{"line":117,"column":0},"end":{"line":117,"column":62}},"117":{"start":{"line":118,"column":0},"end":{"line":118,"column":21}},"118":{"start":{"line":119,"column":0},"end":{"line":119,"column":33}},"119":{"start":{"line":120,"column":0},"end":{"line":120,"column":6}},"120":{"start":{"line":121,"column":0},"end":{"line":121,"column":3}},"121":{"start":{"line":122,"column":0},"end":{"line":122,"column":1}},"123":{"start":{"line":124,"column":0},"end":{"line":124,"column":37}},"124":{"start":{"line":125,"column":0},"end":{"line":125,"column":16}},"125":{"start":{"line":126,"column":0},"end":{"line":126,"column":35}},"127":{"start":{"line":128,"column":0},"end":{"line":128,"column":83}},"128":{"start":{"line":129,"column":0},"end":{"line":129,"column":18}},"129":{"start":{"line":130,"column":0},"end":{"line":130,"column":26}},"130":{"start":{"line":131,"column":0},"end":{"line":131,"column":24}},"131":{"start":{"line":132,"column":0},"end":{"line":132,"column":24}},"132":{"start":{"line":133,"column":0},"end":{"line":133,"column":3}},"133":{"start":{"line":134,"column":0},"end":{"line":134,"column":1}},"135":{"start":{"line":136,"column":0},"end":{"line":136,"column":48}},"136":{"start":{"line":137,"column":0},"end":{"line":137,"column":44}},"137":{"start":{"line":138,"column":0},"end":{"line":138,"column":18}},"138":{"start":{"line":139,"column":0},"end":{"line":139,"column":37}},"139":{"start":{"line":140,"column":0},"end":{"line":140,"column":3}},"140":{"start":{"line":141,"column":0},"end":{"line":141,"column":1}},"142":{"start":{"line":143,"column":0},"end":{"line":143,"column":40}},"143":{"start":{"line":144,"column":0},"end":{"line":144,"column":24}}},"s":{"17":0,"19":0,"20":0,"22":0,"23":0,"24":0,"26":0,"27":0,"28":0,"29":0,"30":0,"32":0,"33":0,"34":0,"35":0,"36":0,"37":0,"38":0,"39":0,"41":0,"43":0,"44":0,"46":0,"47":0,"49":0,"50":0,"51":0,"52":0,"53":0,"54":0,"55":0,"57":0,"58":0,"61":0,"62":0,"63":0,"64":0,"65":0,"66":0,"68":0,"69":0,"70":0,"71":0,"72":0,"74":0,"75":0,"76":0,"79":0,"80":0,"81":0,"82":0,"83":0,"84":0,"85":0,"86":0,"89":0,"90":0,"91":0,"92":0,"93":0,"94":0,"95":0,"96":0,"99":0,"100":0,"101":0,"102":0,"103":0,"104":0,"107":0,"108":0,"109":0,"111":0,"112":0,"113":0,"115":0,"116":0,"117":0,"118":0,"119":0,"120":0,"121":0,"123":0,"124":0,"125":0,"127":0,"128":0,"129":0,"130":0,"131":0,"132":0,"133":0,"135":0,"136":0,"137":0,"138":0,"139":0,"140":0,"142":0,"143":0},"branchMap":{"0":{"type":"branch","line":1,"loc":{"start":{"line":1,"column":3923},"end":{"line":144,"column":24}},"locations":[{"start":{"line":1,"column":3923},"end":{"line":144,"column":24}}]}},"b":{"0":[1]},"fnMap":{"0":{"name":"(empty-report)","decl":{"start":{"line":1,"column":3923},"end":{"line":144,"column":24}},"loc":{"start":{"line":1,"column":3923},"end":{"line":144,"column":24}},"line":1}},"f":{"0":1}}
,"/root/psyfit/frontend_user/src/lib/api-types.ts": {"path":"/root/psyfit/frontend_user/src/lib/api-types.ts","all":true,"statementMap":{},"s":{},"branchMap":{"0":{"type":"branch","line":1,"loc":{"start":{"line":1,"column":2352},"end":{"line":126,"column":1}},"locations":[{"start":{"line":1,"column":2352},"end":{"line":126,"column":1}}]}},"b":{"0":[1]},"fnMap":{"0":{"name":"(empty-report)","decl":{"start":{"line":1,"column":2352},"end":{"line":126,"column":1}},"loc":{"start":{"line":1,"column":2352},"end":{"line":126,"column":1}},"line":1}},"f":{"0":1}}
,"/root/psyfit/frontend_user/src/lib/api.ts": {"path":"/root/psyfit/frontend_user/src/lib/api.ts","all":true,"statementMap":{"0":{"start":{"line":1,"column":0},"end":{"line":1,"column":50}},"1":{"start":{"line":2,"column":0},"end":{"line":2,"column":88}},"2":{"start":{"line":3,"column":0},"end":{"line":3,"column":0}},"3":{"start":{"line":4,"column":0},"end":{"line":4,"column":26}},"4":{"start":{"line":5,"column":0},"end":{"line":5,"column":29}},"5":{"start":{"line":6,"column":0},"end":{"line":6,"column":10}},"6":{"start":{"line":7,"column":0},"end":{"line":7,"column":18}},"7":{"start":{"line":8,"column":0},"end":{"line":8,"column":35}},"8":{"start":{"line":9,"column":0},"end":{"line":9,"column":1}},"9":{"start":{"line":10,"column":0},"end":{"line":10,"column":0}},"10":{"start":{"line":11,"column":0},"end":{"line":11,"column":26}},"11":{"start":{"line":12,"column":0},"end":{"line":12,"column":23}},"12":{"start":{"line":13,"column":0},"end":{"line":13,"column":19}},"13":{"start":{"line":14,"column":0},"end":{"line":14,"column":17}},"14":{"start":{"line":15,"column":0},"end":{"line":15,"column":1}},"15":{"start":{"line":16,"column":0},"end":{"line":16,"column":0}},"16":{"start":{"line":17,"column":0},"end":{"line":17,"column":17}},"17":{"start":{"line":18,"column":0},"end":{"line":18,"column":25}},"18":{"start":{"line":19,"column":0},"end":{"line":19,"column":0}},"19":{"start":{"line":20,"column":0},"end":{"line":20,"column":32}},"20":{"start":{"line":21,"column":0},"end":{"line":21,"column":26}},"21":{"start":{"line":22,"column":0},"end":{"line":22,"column":3}},"22":{"start":{"line":23,"column":0},"end":{"line":23,"column":0}},"23":{"start":{"line":24,"column":0},"end":{"line":24,"column":27}},"24":{"start":{"line":25,"column":0},"end":{"line":25,"column":21}},"25":{"start":{"line":26,"column":0},"end":{"line":26,"column":29}},"26":{"start":{"line":27,"column":0},"end":{"line":27,"column":30}},"27":{"start":{"line":28,"column":0},"end":{"line":28,"column":44}},"28":{"start":{"line":29,"column":0},"end":{"line":29,"column":0}},"29":{"start":{"line":30,"column":0},"end":{"line":30,"column":41}},"30":{"start":{"line":31,"column":0},"end":{"line":31,"column":29}},"31":{"start":{"line":32,"column":0},"end":{"line":32,"column":16}},"32":{"start":{"line":33,"column":0},"end":{"line":33,"column":43}},"33":{"start":{"line":34,"column":0},"end":{"line":34,"column":37}},"34":{"start":{"line":35,"column":0},"end":{"line":35,"column":8}},"35":{"start":{"line":36,"column":0},"end":{"line":36,"column":5}},"36":{"start":{"line":37,"column":0},"end":{"line":37,"column":0}},"37":{"start":{"line":38,"column":0},"end":{"line":38,"column":27}},"38":{"start":{"line":39,"column":0},"end":{"line":39,"column":24}},"39":{"start":{"line":40,"column":0},"end":{"line":40,"column":17}},"40":{"start":{"line":41,"column":0},"end":{"line":41,"column":16}},"41":{"start":{"line":42,"column":0},"end":{"line":42,"column":34}},"42":{"start":{"line":43,"column":0},"end":{"line":43,"column":27}},"43":{"start":{"line":44,"column":0},"end":{"line":44,"column":8}},"44":{"start":{"line":45,"column":0},"end":{"line":45,"column":5}},"45":{"start":{"line":46,"column":0},"end":{"line":46,"column":0}},"46":{"start":{"line":47,"column":0},"end":{"line":47,"column":52}},"47":{"start":{"line":48,"column":0},"end":{"line":48,"column":38}},"48":{"start":{"line":49,"column":0},"end":{"line":49,"column":0}},"49":{"start":{"line":50,"column":0},"end":{"line":50,"column":23}},"50":{"start":{"line":51,"column":0},"end":{"line":51,"column":92}},"51":{"start":{"line":52,"column":0},"end":{"line":52,"column":5}},"52":{"start":{"line":53,"column":0},"end":{"line":53,"column":0}},"53":{"start":{"line":54,"column":0},"end":{"line":54,"column":15}},"54":{"start":{"line":55,"column":0},"end":{"line":55,"column":3}},"55":{"start":{"line":56,"column":0},"end":{"line":56,"column":0}},"56":{"start":{"line":57,"column":0},"end":{"line":57,"column":59}},"57":{"start":{"line":58,"column":0},"end":{"line":58,"column":55}},"58":{"start":{"line":59,"column":0},"end":{"line":59,"column":3}},"59":{"start":{"line":60,"column":0},"end":{"line":60,"column":0}},"60":{"start":{"line":61,"column":0},"end":{"line":61,"column":76}},"61":{"start":{"line":62,"column":0},"end":{"line":62,"column":38}},"62":{"start":{"line":63,"column":0},"end":{"line":63,"column":21}},"63":{"start":{"line":64,"column":0},"end":{"line":64,"column":52}},"64":{"start":{"line":65,"column":0},"end":{"line":65,"column":6}},"65":{"start":{"line":66,"column":0},"end":{"line":66,"column":3}},"66":{"start":{"line":67,"column":0},"end":{"line":67,"column":0}},"67":{"start":{"line":68,"column":0},"end":{"line":68,"column":62}},"68":{"start":{"line":69,"column":0},"end":{"line":69,"column":58}},"69":{"start":{"line":70,"column":0},"end":{"line":70,"column":3}},"70":{"start":{"line":71,"column":0},"end":{"line":71,"column":0}},"71":{"start":{"line":72,"column":0},"end":{"line":72,"column":26}},"72":{"start":{"line":73,"column":0},"end":{"line":73,"column":48}},"73":{"start":{"line":74,"column":0},"end":{"line":74,"column":62}},"74":{"start":{"line":75,"column":0},"end":{"line":75,"column":25}},"75":{"start":{"line":76,"column":0},"end":{"line":76,"column":3}},"76":{"start":{"line":77,"column":0},"end":{"line":77,"column":1}},"77":{"start":{"line":78,"column":0},"end":{"line":78,"column":0}},"78":{"start":{"line":79,"column":0},"end":{"line":79,"column":37}},"79":{"start":{"line":80,"column":0},"end":{"line":80,"column":16}},"80":{"start":{"line":81,"column":0},"end":{"line":81,"column":35}},"81":{"start":{"line":82,"column":0},"end":{"line":82,"column":0}},"82":{"start":{"line":83,"column":0},"end":{"line":83,"column":83}},"83":{"start":{"line":84,"column":0},"end":{"line":84,"column":18}},"84":{"start":{"line":85,"column":0},"end":{"line":85,"column":26}},"85":{"start":{"line":86,"column":0},"end":{"line":86,"column":24}},"86":{"start":{"line":87,"column":0},"end":{"line":87,"column":24}},"87":{"start":{"line":88,"column":0},"end":{"line":88,"column":3}},"88":{"start":{"line":89,"column":0},"end":{"line":89,"column":1}},"89":{"start":{"line":90,"column":0},"end":{"line":90,"column":0}},"90":{"start":{"line":91,"column":0},"end":{"line":91,"column":46}}},"s":{"0":1,"1":1,"2":1,"3":1,"4":1,"5":1,"6":1,"7":1,"8":1,"9":1,"10":1,"11":1,"12":1,"13":1,"14":1,"15":1,"16":1,"17":1,"18":1,"19":1,"20":1,"21":1,"22":1,"23":1,"24":1,"25":1,"26":1,"27":1,"28":1,"29":1,"30":1,"31":1,"32":1,"33":1,"34":1,"35":1,"36":1,"37":1,"38":1,"39":1,"40":1,"41":1,"42":1,"43":1,"44":1,"45":1,"46":1,"47":1,"48":1,"49":1,"50":1,"51":1,"52":1,"53":1,"54":1,"55":1,"56":1,"57":1,"58":1,"59":1,"60":1,"61":1,"62":1,"63":1,"64":1,"65":1,"66":1,"67":1,"68":1,"69":1,"70":1,"71":1,"72":1,"73":1,"74":1,"75":1,"76":1,"77":1,"78":1,"79":1,"80":1,"81":1,"82":1,"83":1,"84":1,"85":1,"86":1,"87":1,"88":1,"89":1,"90":1},"branchMap":{},"b":{},"fnMap":{},"f":{}}
,"/root/psyfit/frontend_user/src/lib/utils.ts": {"path":"/root/psyfit/frontend_user/src/lib/utils.ts","all":false,"statementMap":{"0":{"start":{"line":1,"column":0},"end":{"line":1,"column":44}},"3":{"start":{"line":4,"column":0},"end":{"line":4,"column":45}},"4":{"start":{"line":5,"column":0},"end":{"line":5,"column":30}},"5":{"start":{"line":6,"column":0},"end":{"line":6,"column":1}}},"s":{"0":1,"3":1,"4":384,"5":384},"branchMap":{"0":{"type":"branch","line":4,"loc":{"start":{"line":4,"column":7},"end":{"line":6,"column":1}},"locations":[{"start":{"line":4,"column":7},"end":{"line":6,"column":1}}]}},"b":{"0":[384]},"fnMap":{"0":{"name":"cn","decl":{"start":{"line":4,"column":7},"end":{"line":6,"column":1}},"loc":{"start":{"line":4,"column":7},"end":{"line":6,"column":1}},"line":4}},"f":{"0":384}}
}
