{
  "RSpec": {
    "coverage": {
      "/Users/hirototodaplm/psyfit/app/middleware/rate_limit_headers.rb": {
        "lines": [
          null,
          null,
          null,
          null,
          1,
          1,
          1,
          1,
          1,
          1,
          1,
          1,
          null,
          1,
          1,
          null,
          null,
          1,
          28,
          null,
          28,
          0,
          null,
          null,
          28,
          null,
          28,
          0,
          null,
          null,
          28,
          null,
          28,
          null,
          null,
          1,
          null,
          1,
          28,
          28,
          28,
          null,
          28,
          null,
          28,
          28,
          28,
          null,
          null,
          1,
          28,
          null,
          28,
          14,
          null,
          null,
          14,
          0,
          null,
          null,
          14,
          6,
          0,
          8,
          null,
          null,
          14,
          6,
          0,
          8,
          null,
          null,
          14,
          null,
          null,
          1,
          70,
          28,
          22,
          22,
          22,
          22,
          null,
          6,
          6,
          null,
          null,
          null,
          1,
          28,
          null,
          null,
          1,
          14,
          null,
          null
        ]
      },
      "/Users/hirototodaplm/psyfit/app/helpers/application_helper.rb": {
        "lines": [
          1,
          null
        ]
      },
      "/Users/hirototodaplm/psyfit/app/models/staff.rb": {
        "lines": [
          null,
          null,
          null,
          null,
          null,
          null,
          null,
          null,
          null,
          null,
          null,
          1,
          null,
          1,
          null,
          1,
          null,
          null,
          1,
          null,
          null,
          1,
          null,
          null,
          1,
          null,
          null,
          1,
          1,
          1,
          1,
          1,
          null,
          null,
          1,
          1,
          1,
          1,
          1,
          1,
          null,
          null,
          1,
          null,
          null,
          27,
          1,
          1,
          1,
          null,
          null,
          null,
          1,
          1,
          null,
          null,
          1,
          0,
          null,
          null,
          1,
          null,
          null,
          1,
          13,
          null,
          null,
          1,
          0,
          null,
          null,
          null,
          null,
          null,
          1,
          0,
          null,
          null,
          null,
          null,
          null,
          1,
          14,
          null,
          null,
          1,
          0,
          null,
          null,
          null,
          1,
          0,
          null,
          null,
          1,
          0,
          null,
          null,
          null,
          null,
          1,
          0,
          null,
          null,
          1,
          0,
          null,
          null,
          1,
          0,
          null,
          null,
          1,
          null,
          1,
          19,
          null,
          19,
          19,
          19,
          19,
          19,
          null,
          19,
          1,
          null,
          null,
          null
        ]
      },
      "/Users/hirototodaplm/psyfit/app/models/application_record.rb": {
        "lines": [
          1,
          1,
          null
        ]
      },
      "/Users/hirototodaplm/psyfit/app/models/concerns/encryptable.rb": {
        "lines": [
          null,
          null,
          null,
          null,
          null,
          null,
          null,
          null,
          null,
          null,
          null,
          1,
          1,
          null,
          1,
          null,
          2,
          null,
          null,
          null,
          2,
          null,
          2,
          null,
          2,
          7,
          null,
          null,
          null,
          null,
          null,
          null,
          null,
          null,
          null,
          null,
          null,
          null,
          null,
          null,
          null,
          null,
          null,
          null,
          null,
          null,
          null,
          2,
          2,
          null,
          null,
          2,
          null,
          null,
          35,
          null,
          null,
          2,
          12,
          12,
          12,
          null,
          0,
          null,
          null,
          null,
          null,
          2,
          33,
          33,
          33,
          null,
          null,
          0,
          null,
          null,
          null,
          null,
          null,
          2,
          0,
          0,
          0,
          0,
          null,
          null,
          null,
          2,
          0,
          0,
          0,
          null,
          null,
          null,
          null,
          2,
          0,
          0,
          0,
          null,
          null,
          null,
          null,
          null,
          2,
          0,
          0,
          null,
          null,
          null,
          null,
          null,
          2,
          12,
          null,
          null,
          12,
          null,
          null,
          12,
          12,
          null,
          null,
          null,
          null,
          1,
          0,
          0,
          null,
          null,
          null,
          1,
          0,
          null,
          null
        ]
      },
      "/Users/hirototodaplm/psyfit/app/controllers/api/v1/auth_controller.rb": {
        "lines": [
          null,
          null,
          null,
          null,
          null,
          null,
          null,
          null,
          null,
          1,
          1,
          1,
          null,
          null,
          1,
          0,
          0,
          null,
          0,
          null,
          0,
          0,
          0,
          null,
          null,
          0,
          0,
          0,
          null,
          null,
          0,
          0,
          0,
          0,
          null,
          0,
          null,
          0,
          0,
          0,
          null,
          null,
          null,
          null,
          null,
          1,
          14,
          14,
          null,
          14,
          null,
          14,
          0,
          0,
          null,
          null,
          14,
          0,
          0,
          null,
          null,
          14,
          13,
          13,
          13,
          null,
          13,
          null,
          1,
          1,
          1,
          null,
          null,
          null,
          null,
          null,
          1,
          0,
          0,
          0,
          0,
          null,
          null,
          0,
          0,
          null,
          null,
          null,
          null,
          1,
          1,
          0,
          1,
          0,
          null,
          1,
          null,
          null,
          null,
          null,
          null,
          1,
          0,
          0,
          null,
          0,
          0,
          null,
          null,
          0,
          0,
          null,
          0,
          null,
          null,
          0,
          null,
          null,
          null,
          null,
          1,
          0,
          0,
          0,
          null,
          0,
          null,
          0,
          0,
          null,
          null,
          0,
          0,
          null,
          null,
          0,
          null,
          0,
          0,
          0,
          0,
          null,
          0,
          null,
          0,
          null,
          null,
          null,
          null,
          null,
          null,
          null,
          1,
          null,
          1,
          0,
          null,
          0,
          null,
          null,
          1,
          28,
          null,
          28,
          null,
          null,
          1,
          null,
          null,
          0,
          0,
          null,
          null,
          1,
          0,
          0,
          0,
          0,
          null,
          null,
          1,
          13,
          13,
          13,
          13,
          null,
          null,
          1,
          null,
          0,
          null,
          null,
          0,
          null,
          null,
          null,
          1,
          null,
          13,
          null,
          null,
          null,
          null,
          null,
          null,
          1,
          1,
          null,
          null,
          null,
          null,
          null,
          null,
          null,
          1,
          0,
          null,
          null,
          1,
          0,
          null,
          null,
          1,
          0,
          0,
          null,
          0,
          0,
          null,
          0,
          null,
          null,
          1,
          0,
          0,
          null,
          0,
          0,
          null,
          0,
          null,
          null,
          1,
          0,
          0,
          null,
          null,
          0,
          null,
          null,
          null,
          null
        ]
      },
      "/Users/hirototodaplm/psyfit/app/controllers/api/v1/base_controller.rb": {
        "lines": [
          null,
          null,
          null,
          null,
          1,
          1,
          1,
          1,
          null,
          null,
          1,
          1,
          1,
          null,
          1,
          null,
          null,
          null,
          1,
          1,
          null,
          1,
          null,
          null,
          1,
          25,
          null,
          14,
          null,
          null,
          1,
          0,
          null,
          null,
          1,
          13,
          null,
          null,
          1,
          0,
          null,
          0,
          null,
          null,
          1,
          13,
          null,
          2,
          null,
          null,
          1,
          0,
          0,
          0,
          null,
          0,
          null,
          null,
          null,
          null,
          1,
          12,
          12,
          null,
          12,
          0,
          12,
          0,
          null,
          null,
          12,
          1,
          1,
          null,
          11,
          11,
          null,
          null,
          null,
          null,
          null,
          1,
          18,
          null,
          null,
          1,
          10,
          10,
          10,
          null,
          null,
          1,
          4,
          null,
          null,
          1,
          0,
          null,
          null,
          null,
          null,
          1,
          0,
          null,
          null,
          1,
          0,
          null,
          null,
          null,
          null,
          null,
          null,
          1,
          0,
          null,
          null,
          null,
          null,
          1,
          19,
          null,
          null,
          1,
          19,
          null,
          null,
          null,
          null
        ]
      },
      "/Users/hirototodaplm/psyfit/app/models/audit_log.rb": {
        "lines": [
          null,
          null,
          null,
          null,
          null,
          null,
          null,
          null,
          null,
          1,
          null,
          1,
          1,
          null,
          null,
          1,
          1,
          1,
          null,
          null,
          1,
          1,
          1,
          1,
          1,
          1,
          1,
          1,
          null,
          null,
          null,
          1,
          null,
          null,
          null,
          null,
          null,
          null,
          null,
          null,
          null,
          null,
          null,
          null,
          null,
          1,
          19,
          null,
          null,
          null,
          null,
          19,
          null,
          null,
          null,
          null,
          null,
          null,
          null,
          null,
          1,
          13,
          0,
          null,
          13,
          null,
          null,
          null,
          1,
          1,
          null,
          null,
          null,
          null,
          null,
          null,
          null,
          null,
          1,
          0,
          0,
          null,
          0,
          null,
          null,
          null,
          1,
          0,
          null,
          null,
          null,
          null,
          null,
          null,
          null,
          null,
          1,
          0,
          0,
          null,
          null,
          null,
          null,
          null,
          null,
          null,
          0,
          null,
          null,
          null,
          null,
          null,
          null,
          null,
          null,
          null
        ]
      },
      "/Users/hirototodaplm/psyfit/app/models/user.rb": {
        "lines": [
          null,
          null,
          null,
          null,
          null,
          null,
          null,
          null,
          null,
          null,
          1,
          1,
          null,
          null,
          1,
          1,
          null,
          null,
          1,
          null,
          null,
          1,
          null,
          null,
          1,
          null,
          null,
          1,
          1,
          1,
          1,
          1,
          1,
          1,
          1,
          null,
          null,
          1,
          1,
          1,
          1,
          1,
          1,
          1,
          1,
          1,
          1,
          null,
          null,
          1,
          1,
          1,
          1,
          1,
          null,
          null,
          null,
          1,
          0,
          null,
          null,
          0,
          0,
          null,
          null,
          0,
          null,
          null,
          1,
          0,
          null,
          null,
          1,
          0,
          null,
          null,
          null,
          null,
          null,
          1,
          0,
          null,
          null,
          null,
          null,
          null,
          1,
          0,
          null,
          null,
          1,
          0,
          null,
          null,
          null,
          null,
          1,
          0,
          null,
          null,
          1,
          0,
          null,
          null,
          1,
          0,
          null,
          null,
          null,
          null,
          1,
          0,
          null,
          null,
          0,
          null,
          null,
          0,
          0,
          0,
          0,
          null,
          0,
          null,
          null,
          0,
          null,
          null,
          1,
          0,
          null,
          null,
          null,
          1,
          0,
          null,
          0,
          0,
          0,
          0,
          0,
          null,
          null,
          null,
          1,
          0,
          null,
          null,
          1,
          null,
          1,
          0,
          null,
          0,
          0,
          0,
          null,
          null,
          0,
          null,
          null,
          1,
          0,
          null,
          null,
          0,
          0,
          0,
          0,
          0,
          null,
          0,
          0,
          null,
          null,
          null
        ]
      },
      "/Users/hirototodaplm/psyfit/app/controllers/api/v1/staff_controller.rb": {
        "lines": [
          null,
          null,
          1,
          1,
          1,
          1,
          1,
          null,
          null,
          1,
          11,
          null,
          11,
          2,
          null,
          null,
          9,
          9,
          null,
          9,
          1,
          null,
          null,
          8,
          1,
          null,
          null,
          7,
          5,
          5,
          5,
          null,
          2,
          null,
          null,
          null,
          null,
          null,
          null,
          null,
          null,
          1,
          0,
          null,
          0,
          null,
          0,
          null,
          null,
          null,
          null,
          null,
          1,
          0,
          null,
          0,
          0,
          null,
          0,
          null,
          null,
          null,
          null,
          0,
          null,
          null,
          null,
          null,
          null,
          null,
          null,
          1,
          null,
          1,
          null,
          1,
          0,
          0,
          0,
          null,
          null,
          1,
          0,
          null,
          null,
          1,
          0,
          null,
          null,
          1,
          null,
          0,
          null,
          null,
          null,
          null,
          null,
          null,
          null,
          1,
          29,
          null,
          null,
          1,
          0,
          null,
          null,
          null,
          null,
          null,
          null,
          null,
          null,
          null,
          null,
          1,
          5,
          null,
          null,
          null,
          null,
          null,
          null,
          null,
          null,
          null,
          null
        ]
      },
      "/Users/hirototodaplm/psyfit/app/controllers/api/v1/daily_conditions_controller.rb": {
        "lines": [
          null,
          null,
          null,
          null,
          0,
          0,
          0,
          0,
          null,
          null,
          null,
          null,
          0,
          0,
          0,
          null,
          0,
          0,
          0,
          0,
          0,
          0,
          0,
          0,
          0,
          0,
          0,
          0,
          0,
          null,
          null,
          null,
          0,
          0,
          null,
          0,
          0,
          0,
          0,
          0,
          0,
          null,
          0,
          0,
          0,
          0,
          null,
          0,
          null,
          0,
          0,
          0,
          null,
          0,
          0,
          null,
          0,
          0,
          0,
          0,
          null,
          0,
          0,
          0,
          null,
          0,
          0,
          0,
          0,
          0,
          0,
          0,
          0,
          0,
          0,
          0,
          0
        ],
        "branches": {}
      },
      "/Users/hirototodaplm/psyfit/app/controllers/api/v1/exercise_masters_controller.rb": {
        "lines": [
          null,
          null,
          0,
          0,
          0,
          0,
          null,
          null,
          0,
          0,
          0,
          0,
          null,
          0,
          null,
          0,
          0,
          null,
          0,
          null,
          0,
          0,
          0,
          0,
          0,
          0,
          0,
          0,
          0,
          0,
          0,
          0,
          0,
          0,
          0,
          0,
          null,
          0,
          0,
          0,
          0,
          0,
          0,
          0,
          0,
          0,
          0,
          0,
          0,
          0,
          0
        ],
        "branches": {}
      },
      "/Users/hirototodaplm/psyfit/app/controllers/api/v1/exercise_records_controller.rb": {
        "lines": [
          null,
          null,
          0,
          0,
          0,
          0,
          null,
          null,
          0,
          0,
          0,
          0,
          0,
          null,
          0,
          null,
          0,
          0,
          null,
          0,
          0,
          0,
          0,
          0,
          0,
          0,
          0,
          null,
          null,
          0,
          0,
          null,
          0,
          0,
          0,
          0,
          0,
          null,
          0,
          null,
          0,
          0,
          0,
          null,
          0,
          0,
          0,
          0,
          0,
          null,
          0,
          0,
          0,
          0,
          0,
          0,
          0,
          0,
          0,
          null,
          0,
          0,
          0,
          0,
          0,
          0,
          0,
          0,
          0,
          0,
          0,
          0,
          null,
          0,
          0,
          0,
          0,
          0,
          0,
          0,
          0,
          null,
          0,
          0,
          0,
          0,
          0,
          0,
          0,
          0,
          0,
          0,
          0,
          0,
          0
        ],
        "branches": {}
      },
      "/Users/hirototodaplm/psyfit/app/controllers/api/v1/health_controller.rb": {
        "lines": [
          null,
          null,
          null,
          0,
          0,
          0,
          null,
          0,
          0,
          0,
          0,
          0,
          0,
          0,
          0,
          0,
          0
        ],
        "branches": {}
      },
      "/Users/hirototodaplm/psyfit/app/controllers/api/v1/measurements_controller.rb": {
        "lines": [
          null,
          null,
          null,
          null,
          0,
          0,
          0,
          0,
          0,
          null,
          null,
          null,
          0,
          0,
          null,
          0,
          null,
          0,
          0,
          0,
          null,
          null,
          null,
          0,
          0,
          0,
          null,
          0,
          0,
          0,
          0,
          0,
          0,
          0,
          0,
          0,
          0,
          0,
          null,
          0,
          null,
          0,
          0,
          0,
          null,
          0,
          0,
          0,
          0,
          0,
          0,
          0,
          0,
          0,
          0,
          0,
          0,
          0,
          null,
          0,
          0,
          0,
          0,
          0,
          0,
          0,
          0,
          0,
          0,
          0,
          0,
          0,
          0,
          null,
          0,
          0,
          0,
          0,
          0,
          0,
          0,
          0,
          0,
          0,
          0,
          0,
          0,
          0,
          null,
          0,
          0,
          0,
          0,
          0,
          0,
          0,
          0,
          0,
          0,
          0,
          0,
          0,
          null,
          0,
          0,
          0,
          0,
          null,
          0,
          0,
          0,
          null,
          0,
          0,
          0,
          0,
          0
        ],
        "branches": {}
      },
      "/Users/hirototodaplm/psyfit/app/controllers/api/v1/patient_exercises_controller.rb": {
        "lines": [
          null,
          null,
          0,
          0,
          0,
          0,
          0,
          0,
          0,
          0,
          null,
          null,
          0,
          0,
          0,
          0,
          0,
          0,
          null,
          0,
          null,
          0,
          null,
          0,
          0,
          null,
          0,
          null,
          0,
          0,
          0,
          null,
          0,
          0,
          null,
          0,
          0,
          null,
          0,
          0,
          0,
          null,
          0,
          0,
          0,
          null,
          0,
          0,
          null,
          0,
          0,
          0,
          null,
          0,
          0,
          0,
          null,
          0,
          0,
          0,
          0,
          0,
          0,
          0,
          0,
          0,
          null,
          0,
          0,
          0,
          0,
          0,
          0,
          0,
          0,
          0,
          0,
          0,
          0,
          0,
          0,
          0,
          0,
          0,
          0
        ],
        "branches": {}
      },
      "/Users/hirototodaplm/psyfit/app/controllers/api/v1/patient_reports_controller.rb": {
        "lines": [
          null,
          null,
          0,
          0,
          0,
          0,
          0,
          0,
          0,
          null,
          null,
          0,
          0,
          0,
          0,
          0,
          0,
          0,
          null,
          0,
          null,
          0,
          0,
          0,
          0,
          0,
          null,
          0,
          null,
          0,
          0,
          0,
          null,
          0,
          0,
          0,
          null,
          0,
          0,
          null,
          0,
          0,
          null,
          0,
          0,
          null,
          0,
          0,
          0,
          0,
          0,
          0,
          null,
          0,
          0,
          0,
          null,
          0,
          0,
          0,
          null,
          0,
          0,
          0,
          0,
          null,
          0,
          0,
          0,
          null,
          0,
          0,
          0,
          0,
          0,
          0,
          0,
          0,
          0,
          0,
          0,
          0,
          0,
          0,
          0,
          0,
          0,
          0,
          0
        ],
        "branches": {}
      },
      "/Users/hirototodaplm/psyfit/app/controllers/api/v1/patients_controller.rb": {
        "lines": [
          null,
          null,
          0,
          0,
          0,
          0,
          0,
          0,
          0,
          null,
          null,
          0,
          0,
          0,
          0,
          null,
          0,
          null,
          0,
          null,
          0,
          0,
          0,
          0,
          0,
          null,
          null,
          0,
          0,
          null,
          0,
          0,
          null,
          null,
          0,
          0,
          null,
          0,
          0,
          null,
          0,
          0,
          0,
          0,
          0,
          0,
          0,
          0,
          0,
          0,
          0,
          0,
          0,
          0,
          0,
          0,
          0,
          0,
          0,
          null,
          null,
          0,
          0,
          0,
          null,
          0,
          0,
          0,
          0,
          0,
          0,
          0,
          0,
          0,
          null,
          0,
          null,
          0,
          0,
          0,
          0,
          0,
          0,
          null,
          0,
          0,
          0,
          0,
          0,
          0,
          null,
          0,
          0,
          0,
          null,
          0,
          0,
          0,
          null,
          0,
          0,
          null,
          0,
          0,
          0,
          0,
          0,
          0,
          0,
          null,
          0,
          0,
          0,
          0,
          null,
          0,
          0,
          null,
          null,
          0,
          0,
          0,
          0,
          0,
          0,
          null,
          0,
          null,
          0,
          0,
          0,
          0,
          null,
          0,
          0,
          0,
          null,
          0,
          0,
          0,
          0,
          0,
          null,
          0,
          0,
          0,
          0,
          0,
          0,
          0,
          null,
          0,
          0,
          0,
          0,
          0,
          0,
          0,
          0,
          0,
          0,
          0,
          0,
          0,
          null,
          0,
          0,
          0,
          0,
          0,
          0,
          0,
          0,
          0,
          0,
          0,
          0,
          0,
          0,
          0,
          0,
          null,
          0,
          0,
          0,
          0,
          0,
          0,
          0,
          0,
          0,
          null,
          0,
          0,
          0,
          0,
          0,
          null,
          0,
          0,
          0,
          null,
          0,
          0,
          0,
          0,
          0,
          0,
          0,
          0,
          0,
          0,
          0,
          0,
          0,
          0
        ],
        "branches": {}
      },
      "/Users/hirototodaplm/psyfit/app/controllers/api/v1/user_exercises_controller.rb": {
        "lines": [
          null,
          null,
          0,
          0,
          0,
          0,
          null,
          null,
          0,
          0,
          0,
          0,
          0,
          null,
          null,
          null,
          0,
          0,
          0,
          0,
          0,
          null,
          0,
          0,
          0,
          0,
          0,
          0,
          0,
          0,
          0,
          0,
          0,
          0,
          0,
          0,
          null,
          0,
          0,
          0,
          0,
          0
        ],
        "branches": {}
      },
      "/Users/hirototodaplm/psyfit/app/controllers/api/v1/user_measurements_controller.rb": {
        "lines": [
          null,
          null,
          null,
          null,
          0,
          0,
          0,
          0,
          null,
          null,
          null,
          0,
          0,
          null,
          0,
          null,
          0,
          0,
          null,
          0,
          null,
          0,
          0,
          0,
          0,
          0,
          0,
          0,
          0,
          0,
          0,
          0,
          0,
          0,
          0,
          null,
          0,
          0,
          0,
          0,
          null,
          0,
          0,
          0,
          null,
          0,
          0,
          0,
          0,
          0
        ],
        "branches": {}
      },
      "/Users/hirototodaplm/psyfit/app/controllers/api/v1/videos_controller.rb": {
        "lines": [
          null,
          null,
          null,
          null,
          null,
          null,
          null,
          null,
          null,
          null,
          null,
          null,
          0,
          0,
          0,
          0,
          0,
          0,
          null,
          null,
          null,
          0,
          0,
          0,
          0,
          0,
          null,
          0,
          0,
          0,
          0,
          0,
          0,
          null,
          null,
          null,
          0,
          0,
          null,
          0,
          0,
          0,
          null,
          0,
          null,
          0,
          0,
          0,
          null,
          0,
          0,
          0,
          null,
          0,
          0,
          0,
          0,
          0,
          0,
          null,
          0,
          0,
          0,
          0,
          null,
          0,
          null,
          0,
          0,
          0,
          null,
          null,
          0,
          0,
          0,
          0,
          0,
          null,
          null,
          0,
          0,
          null,
          0,
          null,
          0,
          0,
          0,
          null,
          0,
          0,
          null,
          0,
          0,
          0,
          0,
          null,
          0,
          null,
          0,
          0,
          0,
          null,
          null,
          0,
          0,
          0,
          null,
          0,
          0,
          0,
          null,
          null,
          0,
          0,
          null,
          0,
          0,
          0,
          0,
          0,
          0,
          null,
          0,
          0,
          0,
          null,
          0,
          0,
          0,
          0,
          null,
          0,
          0,
          null,
          0,
          0,
          null,
          0,
          null,
          0,
          0,
          null,
          0,
          0,
          null,
          0,
          0,
          0,
          0,
          0,
          null,
          0,
          0,
          null,
          0,
          0,
          null,
          null,
          0,
          0,
          null,
          null,
          0,
          null,
          0,
          0,
          null,
          0,
          0,
          0,
          0,
          0,
          0,
          0,
          0,
          0,
          0
        ],
        "branches": {}
      },
      "/Users/hirototodaplm/psyfit/app/controllers/application_controller.rb": {
        "lines": [
          0,
          null,
          0,
          null,
          null,
          0,
          0
        ],
        "branches": {}
      },
      "/Users/hirototodaplm/psyfit/app/jobs/application_job.rb": {
        "lines": [
          0,
          null,
          null,
          null,
          null,
          null,
          0
        ],
        "branches": {}
      },
      "/Users/hirototodaplm/psyfit/app/mailers/application_mailer.rb": {
        "lines": [
          null,
          null,
          0,
          0,
          0,
          0
        ],
        "branches": {}
      },
      "/Users/hirototodaplm/psyfit/app/mailers/user_mailer.rb": {
        "lines": [
          null,
          null,
          0,
          null,
          null,
          null,
          0,
          0,
          0,
          0,
          0,
          null,
          0,
          0,
          0,
          0,
          0,
          null,
          0,
          null,
          0,
          0,
          0,
          0,
          0,
          0,
          null,
          0,
          0,
          0
        ],
        "branches": {}
      },
      "/Users/hirototodaplm/psyfit/app/models/daily_condition.rb": {
        "lines": [
          null,
          null,
          null,
          0,
          null,
          0,
          null,
          null,
          0,
          0,
          0,
          0,
          0,
          0,
          0,
          0,
          0,
          0,
          0,
          0,
          null,
          null,
          0,
          null,
          null,
          0,
          null,
          null,
          0,
          0,
          0,
          0,
          0,
          0,
          null,
          null,
          0,
          0,
          0,
          0,
          0,
          0,
          0,
          null,
          null,
          0,
          0,
          0,
          null,
          0,
          0,
          0,
          0,
          0,
          0,
          0,
          0,
          0
        ],
        "branches": {}
      },
      "/Users/hirototodaplm/psyfit/app/models/exercise.rb": {
        "lines": [
          null,
          null,
          null,
          0,
          null,
          0,
          0,
          0,
          0,
          null,
          null,
          0,
          0,
          0,
          0,
          0,
          0,
          0,
          0,
          0,
          null,
          null,
          0,
          null,
          null,
          0,
          null,
          null,
          0,
          0,
          0,
          null,
          null,
          0,
          0,
          0,
          0,
          0,
          0,
          0,
          null,
          0,
          0,
          0,
          0
        ],
        "branches": {}
      },
      "/Users/hirototodaplm/psyfit/app/models/exercise_record.rb": {
        "lines": [
          null,
          null,
          null,
          0,
          null,
          0,
          0,
          null,
          null,
          0,
          0,
          0,
          0,
          0,
          0,
          null,
          null,
          0,
          null,
          null,
          0,
          0,
          0,
          0,
          0,
          0,
          0,
          null,
          null,
          0,
          null,
          null,
          0,
          0,
          null,
          0,
          0,
          0,
          0,
          null,
          0,
          null,
          0,
          null,
          0,
          0
        ],
        "branches": {}
      },
      "/Users/hirototodaplm/psyfit/app/models/measurement.rb": {
        "lines": [
          null,
          null,
          null,
          0,
          null,
          0,
          0,
          null,
          null,
          0,
          0,
          0,
          0,
          0,
          0,
          0,
          0,
          0,
          0,
          0,
          0,
          0,
          0,
          0,
          0,
          0,
          0,
          null,
          null,
          0,
          null,
          null,
          0,
          0,
          0,
          null,
          null,
          null,
          null,
          0,
          0,
          0,
          0,
          0,
          0,
          0,
          0,
          null,
          0,
          0,
          0,
          null,
          0,
          0,
          0,
          0,
          0,
          0,
          0,
          0,
          0,
          null,
          null,
          0,
          0,
          0,
          0,
          0
        ],
        "branches": {}
      },
      "/Users/hirototodaplm/psyfit/app/models/password_reset_token.rb": {
        "lines": [
          null,
          null,
          0,
          null,
          0,
          0,
          null,
          null,
          0,
          0,
          null,
          null,
          0,
          0,
          null,
          null,
          0,
          0,
          0,
          null,
          null,
          0,
          0,
          0,
          null,
          null,
          0,
          0,
          0,
          null,
          null,
          0,
          0,
          0,
          null,
          null,
          0,
          0,
          0,
          null,
          null,
          0,
          0,
          0,
          null,
          0,
          null,
          0,
          0,
          0,
          0,
          null,
          null,
          0,
          0,
          0,
          0,
          null,
          null,
          0,
          0,
          0,
          null,
          0,
          null,
          0,
          0,
          0,
          null,
          0,
          0,
          0,
          0,
          null,
          0,
          null,
          0,
          0,
          0,
          null,
          0,
          0,
          0,
          null,
          0,
          0,
          null,
          0,
          0,
          null,
          0,
          0,
          null,
          0,
          0,
          0
        ],
        "branches": {}
      },
      "/Users/hirototodaplm/psyfit/app/models/patient_exercise.rb": {
        "lines": [
          null,
          null,
          null,
          0,
          null,
          0,
          0,
          0,
          null,
          null,
          0,
          0,
          0,
          0,
          0,
          0,
          null,
          null,
          0,
          0,
          0,
          0,
          0,
          null,
          null,
          0,
          0,
          null,
          null,
          0,
          0,
          0,
          0,
          null,
          null,
          0,
          0,
          0,
          null,
          0,
          0,
          0,
          0
        ],
        "branches": {}
      },
      "/Users/hirototodaplm/psyfit/app/models/patient_staff_assignment.rb": {
        "lines": [
          null,
          null,
          null,
          null,
          null,
          null,
          0,
          0,
          0,
          null,
          null,
          0,
          0,
          0,
          0,
          null,
          null,
          0,
          0,
          null,
          null,
          0,
          null,
          0,
          null,
          0,
          0,
          0,
          0
        ],
        "branches": {}
      },
      "/Users/hirototodaplm/psyfit/app/models/video.rb": {
        "lines": [
          null,
          null,
          null,
          0,
          null,
          0,
          null,
          null,
          0,
          0,
          0,
          0,
          0,
          0,
          null,
          null,
          0,
          0,
          null,
          null,
          0,
          0,
          0,
          0,
          null,
          null,
          0,
          0,
          null,
          0,
          0,
          0,
          0,
          null,
          0,
          0,
          0,
          null,
          0,
          0,
          0,
          0
        ],
        "branches": {}
      },
      "/Users/hirototodaplm/psyfit/app/models/video_access_token.rb": {
        "lines": [
          null,
          null,
          null,
          null,
          null,
          null,
          null,
          null,
          null,
          null,
          null,
          0,
          null,
          0,
          0,
          null,
          null,
          0,
          0,
          null,
          null,
          0,
          null,
          null,
          0,
          0,
          0,
          0,
          0,
          null,
          null,
          null,
          null,
          null,
          null,
          null,
          null,
          0,
          0,
          0,
          0,
          0,
          0,
          0,
          0,
          null,
          null,
          null,
          null,
          0,
          0,
          0,
          null,
          null,
          null,
          null,
          null,
          0,
          0,
          0,
          null,
          null,
          null,
          0,
          0,
          0,
          null,
          null,
          null,
          0,
          0,
          0,
          null,
          null,
          null,
          0,
          0,
          0,
          null,
          0,
          null,
          null,
          null,
          0,
          0,
          0,
          0
        ],
        "branches": {}
      },
      "/Users/hirototodaplm/psyfit/app/services/patient_report_service.rb": {
        "lines": [
          null,
          null,
          0,
          0,
          null,
          0,
          0,
          null,
          0,
          0,
          0,
          0,
          0,
          0,
          null,
          0,
          0,
          0,
          0,
          0,
          0,
          0,
          0,
          0,
          0,
          0,
          null,
          0,
          null,
          0,
          0,
          0,
          0,
          0,
          0,
          0,
          0,
          0,
          0,
          0,
          0,
          0,
          0,
          0,
          null,
          0,
          0,
          0,
          0,
          0,
          0,
          0,
          0,
          0,
          null,
          0,
          0,
          0,
          null,
          0,
          0,
          0,
          0,
          0,
          0,
          0,
          0,
          0,
          null,
          0,
          0,
          0,
          0,
          0,
          0,
          null,
          0,
          0,
          null,
          0,
          0,
          0,
          null,
          0,
          0,
          0,
          null,
          0,
          0,
          0,
          0,
          0,
          null,
          0,
          0,
          0,
          0,
          0,
          0,
          0,
          0,
          0,
          0,
          0,
          null,
          0,
          0,
          0,
          0,
          0,
          0,
          null,
          0,
          0,
          null,
          0,
          0,
          0,
          null,
          0,
          0,
          0,
          0,
          null,
          0,
          0,
          0,
          0,
          0,
          null,
          null,
          0,
          0,
          0,
          0,
          null,
          null,
          0,
          0,
          0,
          null,
          0,
          0,
          0,
          0,
          0,
          0,
          0,
          0,
          0,
          0,
          null,
          0,
          0,
          0,
          0,
          0,
          0,
          null,
          0,
          0,
          null,
          0,
          0,
          0,
          null,
          0,
          0,
          0,
          null,
          0,
          0,
          0,
          0,
          0,
          null,
          0,
          0,
          0,
          0,
          0,
          0,
          0,
          0,
          0,
          null,
          0,
          0,
          0,
          0,
          0,
          0,
          0,
          null,
          0,
          0,
          null,
          0,
          0,
          0,
          null,
          0,
          0,
          0,
          null,
          0,
          0,
          0,
          0,
          0,
          0,
          0,
          0,
          null,
          0,
          0,
          null,
          0,
          0,
          0
        ],
        "branches": {}
      }
    },
    "timestamp": 1769677291
  }
}
